Transfer starting: 40 files

sent 2097 bytes  received 20 bytes  682903 bytes/sec
total size is 77558678  speedup is 36636.11
[Thu Feb 12 21:49:21 KST 2026] 로턴 블로그 동기화 완료
Transfer starting: 40 files

sent 2097 bytes  received 20 bytes  347049 bytes/sec
total size is 77558678  speedup is 36636.11
[Thu Feb 12 21:54:21 KST 2026] 로턴 블로그 동기화 완료
Transfer starting: 40 files

sent 2097 bytes  received 20 bytes  415098 bytes/sec
total size is 77558678  speedup is 36636.11
[Thu Feb 12 21:59:21 KST 2026] 로턴 블로그 동기화 완료
Transfer starting: 40 files

sent 2097 bytes  received 20 bytes  347049 bytes/sec
total size is 77558678  speedup is 36636.11
[Thu Feb 12 22:04:21 KST 2026] 로턴 블로그 동기화 완료
Transfer starting: 40 files

sent 2097 bytes  received 20 bytes  209603 bytes/sec
total size is 77558678  speedup is 36636.11
[Thu Feb 12 22:09:21 KST 2026] 로턴 블로그 동기화 완료
Transfer starting: 40 files

sent 2097 bytes  received 20 bytes  347049 bytes/sec
total size is 77558678  speedup is 36636.11
[Thu Feb 12 22:14:21 KST 2026] 로턴 블로그 동기화 완료
Transfer starting: 40 files

sent 2097 bytes  received 20 bytes  347049 bytes/sec
total size is 77558678  speedup is 36636.11
[Thu Feb 12 22:19:21 KST 2026] 로턴 블로그 동기화 완료
Transfer starting: 40 files

sent 2097 bytes  received 20 bytes  415098 bytes/sec
total size is 77558678  speedup is 36636.11
[Thu Feb 12 22:24:21 KST 2026] 로턴 블로그 동기화 완료
Transfer starting: 40 files

sent 2097 bytes  received 20 bytes  415098 bytes/sec
total size is 77558678  speedup is 36636.11
[Thu Feb 12 22:29:21 KST 2026] 로턴 블로그 동기화 완료
Transfer starting: 40 files

sent 2097 bytes  received 20 bytes  347049 bytes/sec
total size is 77558678  speedup is 36636.11
[Thu Feb 12 22:34:22 KST 2026] 로턴 블로그 동기화 완료
Transfer starting: 40 files

sent 2097 bytes  received 20 bytes  347049 bytes/sec
total size is 77558678  speedup is 36636.11
[Thu Feb 12 22:39:22 KST 2026] 로턴 블로그 동기화 완료
Transfer starting: 40 files

sent 2097 bytes  received 20 bytes  347049 bytes/sec
total size is 77558678  speedup is 36636.11
[Thu Feb 12 22:44:22 KST 2026] 로턴 블로그 동기화 완료
Transfer starting: 40 files

sent 2097 bytes  received 20 bytes  415098 bytes/sec
total size is 77558678  speedup is 36636.11
[Thu Feb 12 22:49:22 KST 2026] 로턴 블로그 동기화 완료
Transfer starting: 40 files

sent 2097 bytes  received 20 bytes  415098 bytes/sec
total size is 77558678  speedup is 36636.11
[Thu Feb 12 22:54:22 KST 2026] 로턴 블로그 동기화 완료
Transfer starting: 40 files

sent 2097 bytes  received 20 bytes  415098 bytes/sec
total size is 77558678  speedup is 36636.11
[Thu Feb 12 22:59:22 KST 2026] 로턴 블로그 동기화 완료
Transfer starting: 40 files

sent 2097 bytes  received 20 bytes  415098 bytes/sec
total size is 77558678  speedup is 36636.11
[Thu Feb 12 23:04:22 KST 2026] 로턴 블로그 동기화 완료
Transfer starting: 40 files

sent 2097 bytes  received 20 bytes  347049 bytes/sec
total size is 77558678  speedup is 36636.11
[Thu Feb 12 23:09:22 KST 2026] 로턴 블로그 동기화 완료
Transfer starting: 40 files

sent 2097 bytes  received 20 bytes  347049 bytes/sec
total size is 77558678  speedup is 36636.11
[Thu Feb 12 23:14:22 KST 2026] 로턴 블로그 동기화 완료
Transfer starting: 40 files

sent 2097 bytes  received 20 bytes  347049 bytes/sec
total size is 77558678  speedup is 36636.11
[Thu Feb 12 23:19:22 KST 2026] 로턴 블로그 동기화 완료
Transfer starting: 40 files

sent 2097 bytes  received 20 bytes  415098 bytes/sec
total size is 77558678  speedup is 36636.11
[Thu Feb 12 23:24:22 KST 2026] 로턴 블로그 동기화 완료
Transfer starting: 40 files

sent 2097 bytes  received 20 bytes  415098 bytes/sec
total size is 77558678  speedup is 36636.11
[Thu Feb 12 23:29:22 KST 2026] 로턴 블로그 동기화 완료
Transfer starting: 40 files

sent 2097 bytes  received 20 bytes  347049 bytes/sec
total size is 77558678  speedup is 36636.11
[Thu Feb 12 23:34:22 KST 2026] 로턴 블로그 동기화 완료
Transfer starting: 40 files

sent 2097 bytes  received 20 bytes  415098 bytes/sec
total size is 77558678  speedup is 36636.11
[Thu Feb 12 23:39:22 KST 2026] 로턴 블로그 동기화 완료
Transfer starting: 40 files

sent 2097 bytes  received 20 bytes  347049 bytes/sec
total size is 77558678  speedup is 36636.11
[Thu Feb 12 23:44:22 KST 2026] 로턴 블로그 동기화 완료
Transfer starting: 40 files

sent 2097 bytes  received 20 bytes  347049 bytes/sec
total size is 77558678  speedup is 36636.11
[Thu Feb 12 23:49:22 KST 2026] 로턴 블로그 동기화 완료
Transfer starting: 40 files

sent 2097 bytes  received 20 bytes  347049 bytes/sec
total size is 77558678  speedup is 36636.11
[Thu Feb 12 23:54:22 KST 2026] 로턴 블로그 동기화 완료
Transfer starting: 40 files

sent 2097 bytes  received 20 bytes  415098 bytes/sec
total size is 77558678  speedup is 36636.11
[Thu Feb 12 23:59:22 KST 2026] 로턴 블로그 동기화 완료
Transfer starting: 40 files

sent 2097 bytes  received 20 bytes  347049 bytes/sec
total size is 77558678  speedup is 36636.11
[Fri Feb 13 00:04:22 KST 2026] 로턴 블로그 동기화 완료
Transfer starting: 40 files

sent 2097 bytes  received 20 bytes  415098 bytes/sec
total size is 77558678  speedup is 36636.11
[Fri Feb 13 00:09:22 KST 2026] 로턴 블로그 동기화 완료
Transfer starting: 40 files

sent 2097 bytes  received 20 bytes  347049 bytes/sec
total size is 77558678  speedup is 36636.11
[Fri Feb 13 00:14:22 KST 2026] 로턴 블로그 동기화 완료
Transfer starting: 40 files

sent 2097 bytes  received 20 bytes  415098 bytes/sec
total size is 77558678  speedup is 36636.11
[Fri Feb 13 00:19:22 KST 2026] 로턴 블로그 동기화 완료
Transfer starting: 40 files

sent 2097 bytes  received 20 bytes  415098 bytes/sec
total size is 77558678  speedup is 36636.11
[Fri Feb 13 00:24:22 KST 2026] 로턴 블로그 동기화 완료
Transfer starting: 40 files

sent 2097 bytes  received 20 bytes  415098 bytes/sec
total size is 77558678  speedup is 36636.11
[Fri Feb 13 00:29:22 KST 2026] 로턴 블로그 동기화 완료
Transfer starting: 40 files

sent 2097 bytes  received 20 bytes  415098 bytes/sec
total size is 77558678  speedup is 36636.11
[Fri Feb 13 00:34:22 KST 2026] 로턴 블로그 동기화 완료
Transfer starting: 40 files

sent 2097 bytes  received 20 bytes  415098 bytes/sec
total size is 77558678  speedup is 36636.11
[Fri Feb 13 00:39:22 KST 2026] 로턴 블로그 동기화 완료
Transfer starting: 40 files

sent 2097 bytes  received 20 bytes  415098 bytes/sec
total size is 77558678  speedup is 36636.11
[Fri Feb 13 00:44:22 KST 2026] 로턴 블로그 동기화 완료
Transfer starting: 40 files

sent 2097 bytes  received 20 bytes  415098 bytes/sec
total size is 77558678  speedup is 36636.11
[Fri Feb 13 00:49:22 KST 2026] 로턴 블로그 동기화 완료
Transfer starting: 40 files

sent 2097 bytes  received 20 bytes  415098 bytes/sec
total size is 77558678  speedup is 36636.11
[Fri Feb 13 00:54:22 KST 2026] 로턴 블로그 동기화 완료
Transfer starting: 40 files

sent 2097 bytes  received 20 bytes  516341 bytes/sec
total size is 77558678  speedup is 36636.11
[Fri Feb 13 00:59:22 KST 2026] 로턴 블로그 동기화 완료
Transfer starting: 40 files

sent 2097 bytes  received 20 bytes  415098 bytes/sec
total size is 77558678  speedup is 36636.11
[Fri Feb 13 01:04:23 KST 2026] 로턴 블로그 동기화 완료
Transfer starting: 40 files

sent 2097 bytes  received 20 bytes  347049 bytes/sec
total size is 77558678  speedup is 36636.11
[Fri Feb 13 01:09:23 KST 2026] 로턴 블로그 동기화 완료
Transfer starting: 40 files

sent 2097 bytes  received 20 bytes  415098 bytes/sec
total size is 77558678  speedup is 36636.11
[Fri Feb 13 01:14:23 KST 2026] 로턴 블로그 동기화 완료
Transfer starting: 40 files

sent 2097 bytes  received 20 bytes  347049 bytes/sec
total size is 77558678  speedup is 36636.11
[Fri Feb 13 01:19:23 KST 2026] 로턴 블로그 동기화 완료
Transfer starting: 40 files

sent 2097 bytes  received 20 bytes  347049 bytes/sec
total size is 77558678  speedup is 36636.11
[Fri Feb 13 01:24:23 KST 2026] 로턴 블로그 동기화 완료
Transfer starting: 40 files

sent 2097 bytes  received 20 bytes  415098 bytes/sec
total size is 77558678  speedup is 36636.11
[Fri Feb 13 01:29:23 KST 2026] 로턴 블로그 동기화 완료
Transfer starting: 40 files

sent 2097 bytes  received 20 bytes  347049 bytes/sec
total size is 77558678  speedup is 36636.11
[Fri Feb 13 01:34:23 KST 2026] 로턴 블로그 동기화 완료
Transfer starting: 40 files

sent 2097 bytes  received 20 bytes  415098 bytes/sec
total size is 77558678  speedup is 36636.11
[Fri Feb 13 01:39:23 KST 2026] 로턴 블로그 동기화 완료
Transfer starting: 40 files

sent 2097 bytes  received 20 bytes  347049 bytes/sec
total size is 77558678  speedup is 36636.11
[Fri Feb 13 01:44:23 KST 2026] 로턴 블로그 동기화 완료
Transfer starting: 40 files

sent 2097 bytes  received 20 bytes  415098 bytes/sec
total size is 77558678  speedup is 36636.11
[Fri Feb 13 01:49:23 KST 2026] 로턴 블로그 동기화 완료
Transfer starting: 40 files

sent 2097 bytes  received 20 bytes  347049 bytes/sec
total size is 77558678  speedup is 36636.11
[Fri Feb 13 01:54:23 KST 2026] 로턴 블로그 동기화 완료
Transfer starting: 40 files

sent 2097 bytes  received 20 bytes  347049 bytes/sec
total size is 77558678  speedup is 36636.11
[Fri Feb 13 01:59:23 KST 2026] 로턴 블로그 동기화 완료
Transfer starting: 40 files

sent 2097 bytes  received 20 bytes  347049 bytes/sec
total size is 77558678  speedup is 36636.11
[Fri Feb 13 02:04:23 KST 2026] 로턴 블로그 동기화 완료
Transfer starting: 40 files

sent 2097 bytes  received 20 bytes  347049 bytes/sec
total size is 77558678  speedup is 36636.11
[Fri Feb 13 02:09:23 KST 2026] 로턴 블로그 동기화 완료
Transfer starting: 40 files

sent 2097 bytes  received 20 bytes  347049 bytes/sec
total size is 77558678  speedup is 36636.11
[Fri Feb 13 02:14:23 KST 2026] 로턴 블로그 동기화 완료
Transfer starting: 40 files

sent 2097 bytes  received 20 bytes  347049 bytes/sec
total size is 77558678  speedup is 36636.11
[Fri Feb 13 02:19:23 KST 2026] 로턴 블로그 동기화 완료
Transfer starting: 40 files

sent 2097 bytes  received 20 bytes  415098 bytes/sec
total size is 77558678  speedup is 36636.11
[Fri Feb 13 02:24:23 KST 2026] 로턴 블로그 동기화 완료
Transfer starting: 40 files

sent 2097 bytes  received 20 bytes  347049 bytes/sec
total size is 77558678  speedup is 36636.11
[Fri Feb 13 02:29:23 KST 2026] 로턴 블로그 동기화 완료
Transfer starting: 40 files

sent 2097 bytes  received 20 bytes  415098 bytes/sec
total size is 77558678  speedup is 36636.11
[Fri Feb 13 02:34:23 KST 2026] 로턴 블로그 동기화 완료
Transfer starting: 40 files

sent 2097 bytes  received 20 bytes  347049 bytes/sec
total size is 77558678  speedup is 36636.11
[Fri Feb 13 02:39:23 KST 2026] 로턴 블로그 동기화 완료
Transfer starting: 40 files

sent 2097 bytes  received 20 bytes  415098 bytes/sec
total size is 77558678  speedup is 36636.11
[Fri Feb 13 02:44:23 KST 2026] 로턴 블로그 동기화 완료
Transfer starting: 40 files

sent 2097 bytes  received 20 bytes  347049 bytes/sec
total size is 77558678  speedup is 36636.11
[Fri Feb 13 02:49:23 KST 2026] 로턴 블로그 동기화 완료
Transfer starting: 40 files

sent 2097 bytes  received 20 bytes  415098 bytes/sec
total size is 77558678  speedup is 36636.11
[Fri Feb 13 02:54:23 KST 2026] 로턴 블로그 동기화 완료
Transfer starting: 40 files

sent 2097 bytes  received 20 bytes  415098 bytes/sec
total size is 77558678  speedup is 36636.11
[Fri Feb 13 02:59:23 KST 2026] 로턴 블로그 동기화 완료
Transfer starting: 40 files

sent 2097 bytes  received 20 bytes  347049 bytes/sec
total size is 77558678  speedup is 36636.11
[Fri Feb 13 03:04:23 KST 2026] 로턴 블로그 동기화 완료
Transfer starting: 40 files

sent 2097 bytes  received 20 bytes  415098 bytes/sec
total size is 77558678  speedup is 36636.11
[Fri Feb 13 03:09:23 KST 2026] 로턴 블로그 동기화 완료
Transfer starting: 40 files

sent 2097 bytes  received 20 bytes  415098 bytes/sec
total size is 77558678  speedup is 36636.11
[Fri Feb 13 03:14:23 KST 2026] 로턴 블로그 동기화 완료
Transfer starting: 40 files

sent 2097 bytes  received 20 bytes  415098 bytes/sec
total size is 77558678  speedup is 36636.11
[Fri Feb 13 03:19:23 KST 2026] 로턴 블로그 동기화 완료
Transfer starting: 40 files

sent 2097 bytes  received 20 bytes  415098 bytes/sec
total size is 77558678  speedup is 36636.11
[Fri Feb 13 03:24:23 KST 2026] 로턴 블로그 동기화 완료
Transfer starting: 40 files

sent 2097 bytes  received 20 bytes  347049 bytes/sec
total size is 77558678  speedup is 36636.11
[Fri Feb 13 03:29:24 KST 2026] 로턴 블로그 동기화 완료
Transfer starting: 40 files

sent 2097 bytes  received 20 bytes  415098 bytes/sec
total size is 77558678  speedup is 36636.11
[Fri Feb 13 03:34:24 KST 2026] 로턴 블로그 동기화 완료
Transfer starting: 40 files

sent 2097 bytes  received 20 bytes  347049 bytes/sec
total size is 77558678  speedup is 36636.11
[Fri Feb 13 03:39:24 KST 2026] 로턴 블로그 동기화 완료
Transfer starting: 40 files

sent 2097 bytes  received 20 bytes  415098 bytes/sec
total size is 77558678  speedup is 36636.11
[Fri Feb 13 03:44:24 KST 2026] 로턴 블로그 동기화 완료
Transfer starting: 40 files

sent 2097 bytes  received 20 bytes  347049 bytes/sec
total size is 77558678  speedup is 36636.11
[Fri Feb 13 03:49:24 KST 2026] 로턴 블로그 동기화 완료
Transfer starting: 40 files

sent 2097 bytes  received 20 bytes  347049 bytes/sec
total size is 77558678  speedup is 36636.11
[Fri Feb 13 03:54:24 KST 2026] 로턴 블로그 동기화 완료
Transfer starting: 40 files

sent 2097 bytes  received 20 bytes  415098 bytes/sec
total size is 77558678  speedup is 36636.11
[Fri Feb 13 03:59:24 KST 2026] 로턴 블로그 동기화 완료
Transfer starting: 40 files

sent 2097 bytes  received 20 bytes  347049 bytes/sec
total size is 77558678  speedup is 36636.11
[Fri Feb 13 04:04:24 KST 2026] 로턴 블로그 동기화 완료
Transfer starting: 40 files

sent 2097 bytes  received 20 bytes  415098 bytes/sec
total size is 77558678  speedup is 36636.11
[Fri Feb 13 04:09:24 KST 2026] 로턴 블로그 동기화 완료
Transfer starting: 40 files

sent 2097 bytes  received 20 bytes  347049 bytes/sec
total size is 77558678  speedup is 36636.11
[Fri Feb 13 04:14:24 KST 2026] 로턴 블로그 동기화 완료
Transfer starting: 40 files

sent 2097 bytes  received 20 bytes  347049 bytes/sec
total size is 77558678  speedup is 36636.11
[Fri Feb 13 04:19:24 KST 2026] 로턴 블로그 동기화 완료
Transfer starting: 40 files

sent 2097 bytes  received 20 bytes  347049 bytes/sec
total size is 77558678  speedup is 36636.11
[Fri Feb 13 04:24:24 KST 2026] 로턴 블로그 동기화 완료
Transfer starting: 40 files

sent 2097 bytes  received 20 bytes  415098 bytes/sec
total size is 77558678  speedup is 36636.11
[Fri Feb 13 04:29:24 KST 2026] 로턴 블로그 동기화 완료
Transfer starting: 40 files

sent 2097 bytes  received 20 bytes  415098 bytes/sec
total size is 77558678  speedup is 36636.11
[Fri Feb 13 04:34:24 KST 2026] 로턴 블로그 동기화 완료
Transfer starting: 40 files

sent 2097 bytes  received 20 bytes  347049 bytes/sec
total size is 77558678  speedup is 36636.11
[Fri Feb 13 04:39:24 KST 2026] 로턴 블로그 동기화 완료
Transfer starting: 40 files

sent 2097 bytes  received 20 bytes  347049 bytes/sec
total size is 77558678  speedup is 36636.11
[Fri Feb 13 04:44:24 KST 2026] 로턴 블로그 동기화 완료
Transfer starting: 40 files

sent 2097 bytes  received 20 bytes  415098 bytes/sec
total size is 77558678  speedup is 36636.11
[Fri Feb 13 04:49:24 KST 2026] 로턴 블로그 동기화 완료
Transfer starting: 40 files

sent 2097 bytes  received 20 bytes  347049 bytes/sec
total size is 77558678  speedup is 36636.11
[Fri Feb 13 04:54:24 KST 2026] 로턴 블로그 동기화 완료
Transfer starting: 40 files

sent 2097 bytes  received 20 bytes  516341 bytes/sec
total size is 77558678  speedup is 36636.11
[Fri Feb 13 04:59:24 KST 2026] 로턴 블로그 동기화 완료
Transfer starting: 40 files

sent 2097 bytes  received 20 bytes  415098 bytes/sec
total size is 77558678  speedup is 36636.11
[Fri Feb 13 05:04:24 KST 2026] 로턴 블로그 동기화 완료
Transfer starting: 40 files

sent 2097 bytes  received 20 bytes  415098 bytes/sec
total size is 77558678  speedup is 36636.11
[Fri Feb 13 05:09:24 KST 2026] 로턴 블로그 동기화 완료
Transfer starting: 40 files

sent 2097 bytes  received 20 bytes  415098 bytes/sec
total size is 77558678  speedup is 36636.11
[Fri Feb 13 05:14:24 KST 2026] 로턴 블로그 동기화 완료
Transfer starting: 40 files

sent 2097 bytes  received 20 bytes  347049 bytes/sec
total size is 77558678  speedup is 36636.11
[Fri Feb 13 05:19:24 KST 2026] 로턴 블로그 동기화 완료
Transfer starting: 40 files

sent 2097 bytes  received 20 bytes  415098 bytes/sec
total size is 77558678  speedup is 36636.11
[Fri Feb 13 05:24:24 KST 2026] 로턴 블로그 동기화 완료
Transfer starting: 40 files

sent 2097 bytes  received 20 bytes  347049 bytes/sec
total size is 77558678  speedup is 36636.11
[Fri Feb 13 05:29:24 KST 2026] 로턴 블로그 동기화 완료
Transfer starting: 40 files

sent 2097 bytes  received 20 bytes  415098 bytes/sec
total size is 77558678  speedup is 36636.11
[Fri Feb 13 05:34:24 KST 2026] 로턴 블로그 동기화 완료
Transfer starting: 40 files

sent 2097 bytes  received 20 bytes  415098 bytes/sec
total size is 77558678  speedup is 36636.11
[Fri Feb 13 05:39:24 KST 2026] 로턴 블로그 동기화 완료
Transfer starting: 40 files

sent 2097 bytes  received 20 bytes  415098 bytes/sec
total size is 77558678  speedup is 36636.11
[Fri Feb 13 05:44:24 KST 2026] 로턴 블로그 동기화 완료
Transfer starting: 40 files

sent 2097 bytes  received 20 bytes  415098 bytes/sec
total size is 77558678  speedup is 36636.11
[Fri Feb 13 05:49:24 KST 2026] 로턴 블로그 동기화 완료
Transfer starting: 40 files

sent 2097 bytes  received 20 bytes  415098 bytes/sec
total size is 77558678  speedup is 36636.11
[Fri Feb 13 05:54:24 KST 2026] 로턴 블로그 동기화 완료
Transfer starting: 40 files

sent 2097 bytes  received 20 bytes  347049 bytes/sec
total size is 77558678  speedup is 36636.11
[Fri Feb 13 05:59:25 KST 2026] 로턴 블로그 동기화 완료
Transfer starting: 40 files

sent 2097 bytes  received 20 bytes  415098 bytes/sec
total size is 77558678  speedup is 36636.11
[Fri Feb 13 06:04:25 KST 2026] 로턴 블로그 동기화 완료
Transfer starting: 40 files

sent 2097 bytes  received 20 bytes  347049 bytes/sec
total size is 77558678  speedup is 36636.11
[Fri Feb 13 06:09:25 KST 2026] 로턴 블로그 동기화 완료
Transfer starting: 40 files

sent 2097 bytes  received 20 bytes  347049 bytes/sec
total size is 77558678  speedup is 36636.11
[Fri Feb 13 06:14:25 KST 2026] 로턴 블로그 동기화 완료
Transfer starting: 40 files

sent 2097 bytes  received 20 bytes  347049 bytes/sec
total size is 77558678  speedup is 36636.11
[Fri Feb 13 06:19:25 KST 2026] 로턴 블로그 동기화 완료
Transfer starting: 40 files

sent 2097 bytes  received 20 bytes  415098 bytes/sec
total size is 77558678  speedup is 36636.11
[Fri Feb 13 06:24:25 KST 2026] 로턴 블로그 동기화 완료
Transfer starting: 40 files

sent 2097 bytes  received 20 bytes  347049 bytes/sec
total size is 77558678  speedup is 36636.11
[Fri Feb 13 06:29:25 KST 2026] 로턴 블로그 동기화 완료
Transfer starting: 40 files

sent 2097 bytes  received 20 bytes  347049 bytes/sec
total size is 77558678  speedup is 36636.11
[Fri Feb 13 06:34:25 KST 2026] 로턴 블로그 동기화 완료
Transfer starting: 40 files

sent 2097 bytes  received 20 bytes  415098 bytes/sec
total size is 77558678  speedup is 36636.11
[Fri Feb 13 06:39:25 KST 2026] 로턴 블로그 동기화 완료
Transfer starting: 40 files

sent 2097 bytes  received 20 bytes  415098 bytes/sec
total size is 77558678  speedup is 36636.11
[Fri Feb 13 06:44:25 KST 2026] 로턴 블로그 동기화 완료
Transfer starting: 40 files

sent 2097 bytes  received 20 bytes  347049 bytes/sec
total size is 77558678  speedup is 36636.11
[Fri Feb 13 06:49:25 KST 2026] 로턴 블로그 동기화 완료
Transfer starting: 40 files

sent 2097 bytes  received 20 bytes  347049 bytes/sec
total size is 77558678  speedup is 36636.11
[Fri Feb 13 06:54:25 KST 2026] 로턴 블로그 동기화 완료
Transfer starting: 40 files

sent 2097 bytes  received 20 bytes  415098 bytes/sec
total size is 77558678  speedup is 36636.11
[Fri Feb 13 06:59:25 KST 2026] 로턴 블로그 동기화 완료
Transfer starting: 40 files

sent 2097 bytes  received 20 bytes  347049 bytes/sec
total size is 77558678  speedup is 36636.11
[Fri Feb 13 07:04:25 KST 2026] 로턴 블로그 동기화 완료
Transfer starting: 40 files

sent 2097 bytes  received 20 bytes  415098 bytes/sec
total size is 77558678  speedup is 36636.11
[Fri Feb 13 07:09:25 KST 2026] 로턴 블로그 동기화 완료
Transfer starting: 40 files

sent 2097 bytes  received 20 bytes  347049 bytes/sec
total size is 77558678  speedup is 36636.11
[Fri Feb 13 07:14:25 KST 2026] 로턴 블로그 동기화 완료
Transfer starting: 40 files

sent 2097 bytes  received 20 bytes  347049 bytes/sec
total size is 77558678  speedup is 36636.11
[Fri Feb 13 07:19:25 KST 2026] 로턴 블로그 동기화 완료
Transfer starting: 40 files

sent 2097 bytes  received 20 bytes  415098 bytes/sec
total size is 77558678  speedup is 36636.11
[Fri Feb 13 07:24:25 KST 2026] 로턴 블로그 동기화 완료
Transfer starting: 40 files

sent 2097 bytes  received 20 bytes  415098 bytes/sec
total size is 77558678  speedup is 36636.11
[Fri Feb 13 07:29:25 KST 2026] 로턴 블로그 동기화 완료
Transfer starting: 40 files

sent 2097 bytes  received 20 bytes  415098 bytes/sec
total size is 77558678  speedup is 36636.11
[Fri Feb 13 07:34:25 KST 2026] 로턴 블로그 동기화 완료
Transfer starting: 40 files

sent 2097 bytes  received 20 bytes  415098 bytes/sec
total size is 77558678  speedup is 36636.11
[Fri Feb 13 07:39:25 KST 2026] 로턴 블로그 동기화 완료
Transfer starting: 40 files

sent 2097 bytes  received 20 bytes  415098 bytes/sec
total size is 77558678  speedup is 36636.11
[Fri Feb 13 07:44:25 KST 2026] 로턴 블로그 동기화 완료
Transfer starting: 40 files

sent 2097 bytes  received 20 bytes  347049 bytes/sec
total size is 77558678  speedup is 36636.11
[Fri Feb 13 07:49:25 KST 2026] 로턴 블로그 동기화 완료
Transfer starting: 40 files

sent 2097 bytes  received 20 bytes  415098 bytes/sec
total size is 77558678  speedup is 36636.11
[Fri Feb 13 07:54:25 KST 2026] 로턴 블로그 동기화 완료
Transfer starting: 40 files

sent 2097 bytes  received 20 bytes  415098 bytes/sec
total size is 77558678  speedup is 36636.11
[Fri Feb 13 07:59:25 KST 2026] 로턴 블로그 동기화 완료
Transfer starting: 40 files

sent 2097 bytes  received 20 bytes  347049 bytes/sec
total size is 77558678  speedup is 36636.11
[Fri Feb 13 08:04:25 KST 2026] 로턴 블로그 동기화 완료
Transfer starting: 40 files

sent 2097 bytes  received 20 bytes  415098 bytes/sec
total size is 77558678  speedup is 36636.11
[Fri Feb 13 08:09:25 KST 2026] 로턴 블로그 동기화 완료
Transfer starting: 40 files

sent 2097 bytes  received 20 bytes  415098 bytes/sec
total size is 77558678  speedup is 36636.11
[Fri Feb 13 08:14:25 KST 2026] 로턴 블로그 동기화 완료
Transfer starting: 40 files

sent 2097 bytes  received 20 bytes  347049 bytes/sec
total size is 77558678  speedup is 36636.11
[Fri Feb 13 08:19:25 KST 2026] 로턴 블로그 동기화 완료
Transfer starting: 40 files

sent 2097 bytes  received 20 bytes  347049 bytes/sec
total size is 77558678  speedup is 36636.11
[Fri Feb 13 08:24:25 KST 2026] 로턴 블로그 동기화 완료
Transfer starting: 40 files

sent 2097 bytes  received 20 bytes  415098 bytes/sec
total size is 77558678  speedup is 36636.11
[Fri Feb 13 08:29:26 KST 2026] 로턴 블로그 동기화 완료
Transfer starting: 40 files

sent 2097 bytes  received 20 bytes  415098 bytes/sec
total size is 77558678  speedup is 36636.11
[Fri Feb 13 08:34:26 KST 2026] 로턴 블로그 동기화 완료
Transfer starting: 40 files

sent 2097 bytes  received 20 bytes  347049 bytes/sec
total size is 77558678  speedup is 36636.11
[Fri Feb 13 08:39:26 KST 2026] 로턴 블로그 동기화 완료
Transfer starting: 40 files

sent 2097 bytes  received 20 bytes  415098 bytes/sec
total size is 77558678  speedup is 36636.11
[Fri Feb 13 08:44:26 KST 2026] 로턴 블로그 동기화 완료
Transfer starting: 40 files

sent 2097 bytes  received 20 bytes  415098 bytes/sec
total size is 77558678  speedup is 36636.11
[Fri Feb 13 08:49:26 KST 2026] 로턴 블로그 동기화 완료
Transfer starting: 40 files

sent 2097 bytes  received 20 bytes  415098 bytes/sec
total size is 77558678  speedup is 36636.11
[Fri Feb 13 08:54:26 KST 2026] 로턴 블로그 동기화 완료
Transfer starting: 40 files

sent 2097 bytes  received 20 bytes  415098 bytes/sec
total size is 77558678  speedup is 36636.11
[Fri Feb 13 08:59:26 KST 2026] 로턴 블로그 동기화 완료
Transfer starting: 40 files

sent 2097 bytes  received 20 bytes  415098 bytes/sec
total size is 77558678  speedup is 36636.11
[Fri Feb 13 09:04:26 KST 2026] 로턴 블로그 동기화 완료
Transfer starting: 40 files

sent 2097 bytes  received 20 bytes  347049 bytes/sec
total size is 77558678  speedup is 36636.11
[Fri Feb 13 09:09:26 KST 2026] 로턴 블로그 동기화 완료
Transfer starting: 40 files

sent 2097 bytes  received 20 bytes  415098 bytes/sec
total size is 77558678  speedup is 36636.11
[Fri Feb 13 09:14:26 KST 2026] 로턴 블로그 동기화 완료
Transfer starting: 40 files

sent 2097 bytes  received 20 bytes  347049 bytes/sec
total size is 77558678  speedup is 36636.11
[Fri Feb 13 09:19:26 KST 2026] 로턴 블로그 동기화 완료
Transfer starting: 40 files

sent 2097 bytes  received 20 bytes  415098 bytes/sec
total size is 77558678  speedup is 36636.11
[Fri Feb 13 09:24:26 KST 2026] 로턴 블로그 동기화 완료
Transfer starting: 40 files

sent 2097 bytes  received 20 bytes  415098 bytes/sec
total size is 77558678  speedup is 36636.11
[Fri Feb 13 09:29:26 KST 2026] 로턴 블로그 동기화 완료
Transfer starting: 40 files

sent 2097 bytes  received 20 bytes  415098 bytes/sec
total size is 77558678  speedup is 36636.11
[Fri Feb 13 09:34:26 KST 2026] 로턴 블로그 동기화 완료
Transfer starting: 40 files

sent 2097 bytes  received 20 bytes  347049 bytes/sec
total size is 77558678  speedup is 36636.11
[Fri Feb 13 09:39:26 KST 2026] 로턴 블로그 동기화 완료
Transfer starting: 40 files

sent 2097 bytes  received 20 bytes  347049 bytes/sec
total size is 77558678  speedup is 36636.11
[Fri Feb 13 09:44:26 KST 2026] 로턴 블로그 동기화 완료
Transfer starting: 40 files

sent 2097 bytes  received 20 bytes  415098 bytes/sec
total size is 77558678  speedup is 36636.11
[Fri Feb 13 09:49:26 KST 2026] 로턴 블로그 동기화 완료
Transfer starting: 40 files

sent 2097 bytes  received 20 bytes  415098 bytes/sec
total size is 77558678  speedup is 36636.11
[Fri Feb 13 09:54:26 KST 2026] 로턴 블로그 동기화 완료
Transfer starting: 40 files

sent 2097 bytes  received 20 bytes  347049 bytes/sec
total size is 77558678  speedup is 36636.11
[Fri Feb 13 09:59:26 KST 2026] 로턴 블로그 동기화 완료
Transfer starting: 40 files

sent 2097 bytes  received 20 bytes  347049 bytes/sec
total size is 77558678  speedup is 36636.11
[Fri Feb 13 10:04:26 KST 2026] 로턴 블로그 동기화 완료
Transfer starting: 40 files

sent 2097 bytes  received 20 bytes  347049 bytes/sec
total size is 77558678  speedup is 36636.11
[Fri Feb 13 10:09:26 KST 2026] 로턴 블로그 동기화 완료
Transfer starting: 40 files

sent 2097 bytes  received 20 bytes  415098 bytes/sec
total size is 77558678  speedup is 36636.11
[Fri Feb 13 10:14:26 KST 2026] 로턴 블로그 동기화 완료
Transfer starting: 40 files

sent 2097 bytes  received 20 bytes  347049 bytes/sec
total size is 77558678  speedup is 36636.11
[Fri Feb 13 10:19:26 KST 2026] 로턴 블로그 동기화 완료
Transfer starting: 40 files

sent 2097 bytes  received 20 bytes  415098 bytes/sec
total size is 77558678  speedup is 36636.11
[Fri Feb 13 10:24:26 KST 2026] 로턴 블로그 동기화 완료
Transfer starting: 40 files

sent 2097 bytes  received 20 bytes  347049 bytes/sec
total size is 77558678  speedup is 36636.11
[Fri Feb 13 10:29:26 KST 2026] 로턴 블로그 동기화 완료
Transfer starting: 40 files

sent 2097 bytes  received 20 bytes  347049 bytes/sec
total size is 77558678  speedup is 36636.11
[Fri Feb 13 10:34:26 KST 2026] 로턴 블로그 동기화 완료
Transfer starting: 40 files

sent 2097 bytes  received 20 bytes  347049 bytes/sec
total size is 77558678  speedup is 36636.11
[Fri Feb 13 10:39:26 KST 2026] 로턴 블로그 동기화 완료
Transfer starting: 40 files

sent 2097 bytes  received 20 bytes  347049 bytes/sec
total size is 77558678  speedup is 36636.11
[Fri Feb 13 10:44:26 KST 2026] 로턴 블로그 동기화 완료
Transfer starting: 40 files

sent 2097 bytes  received 20 bytes  347049 bytes/sec
total size is 77558678  speedup is 36636.11
[Fri Feb 13 10:49:26 KST 2026] 로턴 블로그 동기화 완료
Transfer starting: 40 files

sent 2097 bytes  received 20 bytes  347049 bytes/sec
total size is 77558678  speedup is 36636.11
[Fri Feb 13 10:54:26 KST 2026] 로턴 블로그 동기화 완료
Transfer starting: 40 files

sent 2097 bytes  received 20 bytes  415098 bytes/sec
total size is 77558678  speedup is 36636.11
[Fri Feb 13 10:59:27 KST 2026] 로턴 블로그 동기화 완료
Transfer starting: 40 files

sent 2097 bytes  received 20 bytes  347049 bytes/sec
total size is 77558678  speedup is 36636.11
[Fri Feb 13 11:04:27 KST 2026] 로턴 블로그 동기화 완료
Transfer starting: 40 files

sent 2097 bytes  received 20 bytes  415098 bytes/sec
total size is 77558678  speedup is 36636.11
[Fri Feb 13 11:09:27 KST 2026] 로턴 블로그 동기화 완료
Transfer starting: 40 files

sent 2097 bytes  received 20 bytes  347049 bytes/sec
total size is 77558678  speedup is 36636.11
[Fri Feb 13 11:14:27 KST 2026] 로턴 블로그 동기화 완료
Transfer starting: 40 files

sent 2097 bytes  received 20 bytes  347049 bytes/sec
total size is 77558678  speedup is 36636.11
[Fri Feb 13 11:19:27 KST 2026] 로턴 블로그 동기화 완료
Transfer starting: 40 files

sent 2097 bytes  received 20 bytes  347049 bytes/sec
total size is 77558678  speedup is 36636.11
[Fri Feb 13 11:24:27 KST 2026] 로턴 블로그 동기화 완료
Transfer starting: 40 files

sent 2097 bytes  received 20 bytes  415098 bytes/sec
total size is 77558678  speedup is 36636.11
[Fri Feb 13 11:29:27 KST 2026] 로턴 블로그 동기화 완료
Transfer starting: 40 files

sent 2097 bytes  received 20 bytes  347049 bytes/sec
total size is 77558678  speedup is 36636.11
[Fri Feb 13 11:34:27 KST 2026] 로턴 블로그 동기화 완료
Transfer starting: 40 files

sent 2097 bytes  received 20 bytes  415098 bytes/sec
total size is 77558678  speedup is 36636.11
[Fri Feb 13 11:39:27 KST 2026] 로턴 블로그 동기화 완료
Transfer starting: 40 files

sent 2097 bytes  received 20 bytes  347049 bytes/sec
total size is 77558678  speedup is 36636.11
[Fri Feb 13 11:44:27 KST 2026] 로턴 블로그 동기화 완료
Transfer starting: 40 files

sent 2097 bytes  received 20 bytes  347049 bytes/sec
total size is 77558678  speedup is 36636.11
[Fri Feb 13 11:49:27 KST 2026] 로턴 블로그 동기화 완료
Transfer starting: 40 files

sent 2097 bytes  received 20 bytes  347049 bytes/sec
total size is 77558678  speedup is 36636.11
[Fri Feb 13 11:54:27 KST 2026] 로턴 블로그 동기화 완료
Transfer starting: 40 files

sent 2097 bytes  received 20 bytes  347049 bytes/sec
total size is 77558678  speedup is 36636.11
[Fri Feb 13 11:59:27 KST 2026] 로턴 블로그 동기화 완료
Transfer starting: 40 files

sent 2097 bytes  received 20 bytes  415098 bytes/sec
total size is 77558678  speedup is 36636.11
[Fri Feb 13 12:04:27 KST 2026] 로턴 블로그 동기화 완료
Transfer starting: 40 files

sent 2097 bytes  received 20 bytes  415098 bytes/sec
total size is 77558678  speedup is 36636.11
[Fri Feb 13 12:09:27 KST 2026] 로턴 블로그 동기화 완료
Transfer starting: 40 files

sent 2097 bytes  received 20 bytes  347049 bytes/sec
total size is 77558678  speedup is 36636.11
[Fri Feb 13 12:14:27 KST 2026] 로턴 블로그 동기화 완료
Transfer starting: 40 files

sent 2097 bytes  received 20 bytes  415098 bytes/sec
total size is 77558678  speedup is 36636.11
[Fri Feb 13 12:19:27 KST 2026] 로턴 블로그 동기화 완료
Transfer starting: 40 files

sent 2097 bytes  received 20 bytes  415098 bytes/sec
total size is 77558678  speedup is 36636.11
[Fri Feb 13 12:24:27 KST 2026] 로턴 블로그 동기화 완료
Transfer starting: 40 files

sent 2097 bytes  received 20 bytes  347049 bytes/sec
total size is 77558678  speedup is 36636.11
[Fri Feb 13 12:29:27 KST 2026] 로턴 블로그 동기화 완료
Transfer starting: 40 files

sent 2097 bytes  received 20 bytes  415098 bytes/sec
total size is 77558678  speedup is 36636.11
[Fri Feb 13 12:34:27 KST 2026] 로턴 블로그 동기화 완료
Transfer starting: 40 files

sent 2097 bytes  received 20 bytes  415098 bytes/sec
total size is 77558678  speedup is 36636.11
[Fri Feb 13 12:39:27 KST 2026] 로턴 블로그 동기화 완료
Transfer starting: 40 files

sent 2097 bytes  received 20 bytes  347049 bytes/sec
total size is 77558678  speedup is 36636.11
[Fri Feb 13 12:44:27 KST 2026] 로턴 블로그 동기화 완료
Transfer starting: 40 files

sent 2097 bytes  received 20 bytes  415098 bytes/sec
total size is 77558678  speedup is 36636.11
[Fri Feb 13 12:49:27 KST 2026] 로턴 블로그 동기화 완료
Transfer starting: 40 files

sent 2097 bytes  received 20 bytes  415098 bytes/sec
total size is 77558678  speedup is 36636.11
[Fri Feb 13 12:54:27 KST 2026] 로턴 블로그 동기화 완료
Transfer starting: 40 files

sent 2097 bytes  received 20 bytes  415098 bytes/sec
total size is 77558678  speedup is 36636.11
[Fri Feb 13 12:59:27 KST 2026] 로턴 블로그 동기화 완료
Transfer starting: 40 files

sent 2097 bytes  received 20 bytes  347049 bytes/sec
total size is 77558678  speedup is 36636.11
[Fri Feb 13 13:04:27 KST 2026] 로턴 블로그 동기화 완료
Transfer starting: 40 files

sent 2097 bytes  received 20 bytes  347049 bytes/sec
total size is 77558678  speedup is 36636.11
[Fri Feb 13 13:09:27 KST 2026] 로턴 블로그 동기화 완료
Transfer starting: 40 files

sent 2097 bytes  received 20 bytes  415098 bytes/sec
total size is 77558678  speedup is 36636.11
[Fri Feb 13 13:14:27 KST 2026] 로턴 블로그 동기화 완료
Transfer starting: 40 files

sent 2097 bytes  received 20 bytes  415098 bytes/sec
total size is 77558678  speedup is 36636.11
[Fri Feb 13 13:19:27 KST 2026] 로턴 블로그 동기화 완료
Transfer starting: 40 files

sent 2097 bytes  received 20 bytes  347049 bytes/sec
total size is 77558678  speedup is 36636.11
[Fri Feb 13 13:24:27 KST 2026] 로턴 블로그 동기화 완료
Transfer starting: 40 files

sent 2097 bytes  received 20 bytes  347049 bytes/sec
total size is 77558678  speedup is 36636.11
[Fri Feb 13 13:29:28 KST 2026] 로턴 블로그 동기화 완료
Transfer starting: 40 files

sent 2097 bytes  received 20 bytes  347049 bytes/sec
total size is 77558678  speedup is 36636.11
[Fri Feb 13 13:34:28 KST 2026] 로턴 블로그 동기화 완료
Transfer starting: 40 files

sent 2097 bytes  received 20 bytes  347049 bytes/sec
total size is 77558678  speedup is 36636.11
[Fri Feb 13 13:39:28 KST 2026] 로턴 블로그 동기화 완료
Transfer starting: 40 files

sent 2097 bytes  received 20 bytes  415098 bytes/sec
total size is 77558678  speedup is 36636.11
[Fri Feb 13 13:44:28 KST 2026] 로턴 블로그 동기화 완료
Transfer starting: 40 files

sent 2097 bytes  received 20 bytes  415098 bytes/sec
total size is 77558678  speedup is 36636.11
[Fri Feb 13 13:49:28 KST 2026] 로턴 블로그 동기화 완료
Transfer starting: 40 files

sent 2097 bytes  received 20 bytes  347049 bytes/sec
total size is 77558678  speedup is 36636.11
[Fri Feb 13 13:54:28 KST 2026] 로턴 블로그 동기화 완료
Transfer starting: 40 files

sent 2097 bytes  received 20 bytes  415098 bytes/sec
total size is 77558678  speedup is 36636.11
[Fri Feb 13 13:59:28 KST 2026] 로턴 블로그 동기화 완료
Transfer starting: 40 files

sent 2097 bytes  received 20 bytes  415098 bytes/sec
total size is 77558678  speedup is 36636.11
[Fri Feb 13 14:04:28 KST 2026] 로턴 블로그 동기화 완료
Transfer starting: 40 files

sent 2097 bytes  received 20 bytes  347049 bytes/sec
total size is 77558678  speedup is 36636.11
[Fri Feb 13 14:09:28 KST 2026] 로턴 블로그 동기화 완료
Transfer starting: 40 files

sent 2097 bytes  received 20 bytes  347049 bytes/sec
total size is 77558678  speedup is 36636.11
[Fri Feb 13 14:14:28 KST 2026] 로턴 블로그 동기화 완료
Transfer starting: 40 files

sent 2097 bytes  received 20 bytes  347049 bytes/sec
total size is 77558678  speedup is 36636.11
[Fri Feb 13 14:19:28 KST 2026] 로턴 블로그 동기화 완료
Transfer starting: 40 files

sent 2097 bytes  received 20 bytes  347049 bytes/sec
total size is 77558678  speedup is 36636.11
[Fri Feb 13 14:24:28 KST 2026] 로턴 블로그 동기화 완료
Transfer starting: 40 files

sent 2097 bytes  received 20 bytes  415098 bytes/sec
total size is 77558678  speedup is 36636.11
[Fri Feb 13 14:29:28 KST 2026] 로턴 블로그 동기화 완료
Transfer starting: 40 files

sent 2097 bytes  received 20 bytes  347049 bytes/sec
total size is 77558678  speedup is 36636.11
[Fri Feb 13 14:34:28 KST 2026] 로턴 블로그 동기화 완료
Transfer starting: 40 files

sent 2097 bytes  received 20 bytes  415098 bytes/sec
total size is 77558678  speedup is 36636.11
[Fri Feb 13 14:39:28 KST 2026] 로턴 블로그 동기화 완료
Transfer starting: 40 files

sent 2097 bytes  received 20 bytes  415098 bytes/sec
total size is 77558678  speedup is 36636.11
[Fri Feb 13 14:44:28 KST 2026] 로턴 블로그 동기화 완료
Transfer starting: 40 files

sent 2097 bytes  received 20 bytes  347049 bytes/sec
total size is 77558678  speedup is 36636.11
[Fri Feb 13 14:49:28 KST 2026] 로턴 블로그 동기화 완료
Transfer starting: 40 files

sent 2097 bytes  received 20 bytes  347049 bytes/sec
total size is 77558678  speedup is 36636.11
[Fri Feb 13 14:54:28 KST 2026] 로턴 블로그 동기화 완료
Transfer starting: 40 files

sent 2097 bytes  received 20 bytes  415098 bytes/sec
total size is 77558678  speedup is 36636.11
[Fri Feb 13 14:59:28 KST 2026] 로턴 블로그 동기화 완료
Transfer starting: 40 files

sent 2097 bytes  received 20 bytes  347049 bytes/sec
total size is 77558678  speedup is 36636.11
[Fri Feb 13 15:04:28 KST 2026] 로턴 블로그 동기화 완료
Transfer starting: 40 files

sent 2097 bytes  received 20 bytes  347049 bytes/sec
total size is 77558678  speedup is 36636.11
[Fri Feb 13 15:09:28 KST 2026] 로턴 블로그 동기화 완료
Transfer starting: 40 files

sent 2097 bytes  received 20 bytes  415098 bytes/sec
total size is 77558678  speedup is 36636.11
[Fri Feb 13 15:14:28 KST 2026] 로턴 블로그 동기화 완료
Transfer starting: 40 files

sent 2097 bytes  received 20 bytes  347049 bytes/sec
total size is 77558678  speedup is 36636.11
[Fri Feb 13 15:19:28 KST 2026] 로턴 블로그 동기화 완료
Transfer starting: 40 files

sent 2097 bytes  received 20 bytes  415098 bytes/sec
total size is 77558678  speedup is 36636.11
[Fri Feb 13 15:24:28 KST 2026] 로턴 블로그 동기화 완료
Transfer starting: 40 files

sent 2097 bytes  received 20 bytes  415098 bytes/sec
total size is 77558678  speedup is 36636.11
[Fri Feb 13 15:29:28 KST 2026] 로턴 블로그 동기화 완료
Transfer starting: 40 files

sent 2097 bytes  received 20 bytes  415098 bytes/sec
total size is 77558678  speedup is 36636.11
[Fri Feb 13 15:34:28 KST 2026] 로턴 블로그 동기화 완료
Transfer starting: 40 files

sent 2097 bytes  received 20 bytes  415098 bytes/sec
total size is 77558678  speedup is 36636.11
[Fri Feb 13 15:39:28 KST 2026] 로턴 블로그 동기화 완료
Transfer starting: 40 files

sent 2097 bytes  received 20 bytes  347049 bytes/sec
total size is 77558678  speedup is 36636.11
[Fri Feb 13 15:44:28 KST 2026] 로턴 블로그 동기화 완료
Transfer starting: 40 files

sent 2097 bytes  received 20 bytes  347049 bytes/sec
total size is 77558678  speedup is 36636.11
[Fri Feb 13 15:49:28 KST 2026] 로턴 블로그 동기화 완료
Transfer starting: 40 files

sent 2097 bytes  received 20 bytes  347049 bytes/sec
total size is 77558678  speedup is 36636.11
[Fri Feb 13 15:54:28 KST 2026] 로턴 블로그 동기화 완료
Transfer starting: 40 files

sent 2097 bytes  received 20 bytes  415098 bytes/sec
total size is 77558678  speedup is 36636.11
[Fri Feb 13 15:59:29 KST 2026] 로턴 블로그 동기화 완료
Transfer starting: 40 files

sent 2097 bytes  received 20 bytes  415098 bytes/sec
total size is 77558678  speedup is 36636.11
[Fri Feb 13 16:04:29 KST 2026] 로턴 블로그 동기화 완료
Transfer starting: 40 files

sent 2097 bytes  received 20 bytes  347049 bytes/sec
total size is 77558678  speedup is 36636.11
[Fri Feb 13 16:09:29 KST 2026] 로턴 블로그 동기화 완료
Transfer starting: 40 files

sent 2097 bytes  received 20 bytes  347049 bytes/sec
total size is 77558678  speedup is 36636.11
[Fri Feb 13 16:14:29 KST 2026] 로턴 블로그 동기화 완료
Transfer starting: 40 files

sent 2097 bytes  received 20 bytes  415098 bytes/sec
total size is 77558678  speedup is 36636.11
[Fri Feb 13 16:19:29 KST 2026] 로턴 블로그 동기화 완료
Transfer starting: 40 files

sent 2097 bytes  received 20 bytes  347049 bytes/sec
total size is 77558678  speedup is 36636.11
[Fri Feb 13 16:24:29 KST 2026] 로턴 블로그 동기화 완료
Transfer starting: 40 files

sent 2097 bytes  received 20 bytes  415098 bytes/sec
total size is 77558678  speedup is 36636.11
[Fri Feb 13 16:29:29 KST 2026] 로턴 블로그 동기화 완료
Transfer starting: 40 files

sent 2097 bytes  received 20 bytes  415098 bytes/sec
total size is 77558678  speedup is 36636.11
[Fri Feb 13 16:34:29 KST 2026] 로턴 블로그 동기화 완료
Transfer starting: 40 files

sent 2097 bytes  received 20 bytes  347049 bytes/sec
total size is 77558678  speedup is 36636.11
[Fri Feb 13 16:39:29 KST 2026] 로턴 블로그 동기화 완료
Transfer starting: 40 files

sent 2097 bytes  received 20 bytes  347049 bytes/sec
total size is 77558678  speedup is 36636.11
[Fri Feb 13 16:44:29 KST 2026] 로턴 블로그 동기화 완료
Transfer starting: 40 files

sent 2097 bytes  received 20 bytes  415098 bytes/sec
total size is 77558678  speedup is 36636.11
[Fri Feb 13 16:49:29 KST 2026] 로턴 블로그 동기화 완료
Transfer starting: 40 files

sent 2097 bytes  received 20 bytes  415098 bytes/sec
total size is 77558678  speedup is 36636.11
[Fri Feb 13 16:54:29 KST 2026] 로턴 블로그 동기화 완료
Transfer starting: 40 files

sent 2097 bytes  received 20 bytes  516341 bytes/sec
total size is 77558678  speedup is 36636.11
[Fri Feb 13 16:59:29 KST 2026] 로턴 블로그 동기화 완료
Transfer starting: 40 files

sent 2097 bytes  received 20 bytes  415098 bytes/sec
total size is 77558678  speedup is 36636.11
[Fri Feb 13 17:04:29 KST 2026] 로턴 블로그 동기화 완료
Transfer starting: 40 files

sent 2097 bytes  received 20 bytes  347049 bytes/sec
total size is 77558678  speedup is 36636.11
[Fri Feb 13 17:09:29 KST 2026] 로턴 블로그 동기화 완료
Transfer starting: 40 files

sent 2097 bytes  received 20 bytes  415098 bytes/sec
total size is 77558678  speedup is 36636.11
[Fri Feb 13 17:14:29 KST 2026] 로턴 블로그 동기화 완료
Transfer starting: 40 files

sent 2097 bytes  received 20 bytes  347049 bytes/sec
total size is 77558678  speedup is 36636.11
[Fri Feb 13 17:19:29 KST 2026] 로턴 블로그 동기화 완료
Transfer starting: 40 files

sent 2097 bytes  received 20 bytes  347049 bytes/sec
total size is 77558678  speedup is 36636.11
[Fri Feb 13 17:24:29 KST 2026] 로턴 블로그 동기화 완료
Transfer starting: 40 files

sent 2097 bytes  received 20 bytes  347049 bytes/sec
total size is 77558678  speedup is 36636.11
[Fri Feb 13 17:29:29 KST 2026] 로턴 블로그 동기화 완료
Transfer starting: 40 files

sent 2097 bytes  received 20 bytes  347049 bytes/sec
total size is 77558678  speedup is 36636.11
[Fri Feb 13 17:34:29 KST 2026] 로턴 블로그 동기화 완료
Transfer starting: 40 files

sent 2097 bytes  received 20 bytes  415098 bytes/sec
total size is 77558678  speedup is 36636.11
[Fri Feb 13 17:39:29 KST 2026] 로턴 블로그 동기화 완료
Transfer starting: 40 files

sent 2097 bytes  received 20 bytes  261358 bytes/sec
total size is 77558678  speedup is 36636.11
[Fri Feb 13 17:44:29 KST 2026] 로턴 블로그 동기화 완료
Transfer starting: 40 files

sent 2097 bytes  received 20 bytes  347049 bytes/sec
total size is 77558678  speedup is 36636.11
[Fri Feb 13 17:49:29 KST 2026] 로턴 블로그 동기화 완료
Transfer starting: 40 files

sent 2097 bytes  received 20 bytes  415098 bytes/sec
total size is 77558678  speedup is 36636.11
[Fri Feb 13 17:54:29 KST 2026] 로턴 블로그 동기화 완료
Transfer starting: 40 files

sent 2097 bytes  received 20 bytes  415098 bytes/sec
total size is 77558678  speedup is 36636.11
[Fri Feb 13 17:59:29 KST 2026] 로턴 블로그 동기화 완료
Transfer starting: 40 files

sent 2097 bytes  received 20 bytes  415098 bytes/sec
total size is 77558678  speedup is 36636.11
[Fri Feb 13 18:04:29 KST 2026] 로턴 블로그 동기화 완료
Transfer starting: 40 files

sent 2097 bytes  received 20 bytes  347049 bytes/sec
total size is 77558678  speedup is 36636.11
[Fri Feb 13 18:09:29 KST 2026] 로턴 블로그 동기화 완료
Transfer starting: 40 files

sent 2097 bytes  received 20 bytes  415098 bytes/sec
total size is 77558678  speedup is 36636.11
[Fri Feb 13 18:14:29 KST 2026] 로턴 블로그 동기화 완료
Transfer starting: 40 files

sent 2097 bytes  received 20 bytes  347049 bytes/sec
total size is 77558678  speedup is 36636.11
[Fri Feb 13 18:19:29 KST 2026] 로턴 블로그 동기화 완료
Transfer starting: 40 files

sent 2097 bytes  received 20 bytes  415098 bytes/sec
total size is 77558678  speedup is 36636.11
[Fri Feb 13 18:24:29 KST 2026] 로턴 블로그 동기화 완료
Transfer starting: 40 files

sent 2097 bytes  received 20 bytes  347049 bytes/sec
total size is 77558678  speedup is 36636.11
[Fri Feb 13 18:29:30 KST 2026] 로턴 블로그 동기화 완료
Transfer starting: 40 files

sent 2097 bytes  received 20 bytes  347049 bytes/sec
total size is 77558678  speedup is 36636.11
[Fri Feb 13 18:34:30 KST 2026] 로턴 블로그 동기화 완료
Transfer starting: 40 files

sent 2097 bytes  received 20 bytes  415098 bytes/sec
total size is 77558678  speedup is 36636.11
[Fri Feb 13 18:39:30 KST 2026] 로턴 블로그 동기화 완료
Transfer starting: 40 files

sent 2097 bytes  received 20 bytes  415098 bytes/sec
total size is 77558678  speedup is 36636.11
[Fri Feb 13 18:44:30 KST 2026] 로턴 블로그 동기화 완료
Transfer starting: 40 files

sent 2097 bytes  received 20 bytes  347049 bytes/sec
total size is 77558678  speedup is 36636.11
[Fri Feb 13 18:49:30 KST 2026] 로턴 블로그 동기화 완료
Transfer starting: 40 files

sent 2097 bytes  received 20 bytes  415098 bytes/sec
total size is 77558678  speedup is 36636.11
[Fri Feb 13 18:54:30 KST 2026] 로턴 블로그 동기화 완료
Transfer starting: 40 files

sent 2097 bytes  received 20 bytes  347049 bytes/sec
total size is 77558678  speedup is 36636.11
[Fri Feb 13 18:59:30 KST 2026] 로턴 블로그 동기화 완료
Transfer starting: 40 files

sent 2097 bytes  received 20 bytes  347049 bytes/sec
total size is 77558678  speedup is 36636.11
[Fri Feb 13 19:04:30 KST 2026] 로턴 블로그 동기화 완료
Transfer starting: 40 files

sent 2097 bytes  received 20 bytes  347049 bytes/sec
total size is 77558678  speedup is 36636.11
[Fri Feb 13 19:09:30 KST 2026] 로턴 블로그 동기화 완료
Transfer starting: 40 files

sent 2097 bytes  received 20 bytes  347049 bytes/sec
total size is 77558678  speedup is 36636.11
[Fri Feb 13 19:14:30 KST 2026] 로턴 블로그 동기화 완료
Transfer starting: 40 files

sent 2097 bytes  received 20 bytes  347049 bytes/sec
total size is 77558678  speedup is 36636.11
[Fri Feb 13 19:19:30 KST 2026] 로턴 블로그 동기화 완료
Transfer starting: 40 files

sent 2097 bytes  received 20 bytes  347049 bytes/sec
total size is 77558678  speedup is 36636.11
[Fri Feb 13 19:24:30 KST 2026] 로턴 블로그 동기화 완료
Transfer starting: 40 files

sent 2097 bytes  received 20 bytes  347049 bytes/sec
total size is 77558678  speedup is 36636.11
[Fri Feb 13 19:29:30 KST 2026] 로턴 블로그 동기화 완료
Transfer starting: 40 files

sent 2097 bytes  received 20 bytes  347049 bytes/sec
total size is 77558678  speedup is 36636.11
[Fri Feb 13 19:34:30 KST 2026] 로턴 블로그 동기화 완료
Transfer starting: 40 files

sent 2097 bytes  received 20 bytes  347049 bytes/sec
total size is 77558678  speedup is 36636.11
[Fri Feb 13 19:39:30 KST 2026] 로턴 블로그 동기화 완료
Transfer starting: 40 files

sent 2097 bytes  received 20 bytes  347049 bytes/sec
total size is 77558678  speedup is 36636.11
[Fri Feb 13 19:44:30 KST 2026] 로턴 블로그 동기화 완료
Transfer starting: 40 files

sent 2097 bytes  received 20 bytes  347049 bytes/sec
total size is 77558678  speedup is 36636.11
[Fri Feb 13 19:49:30 KST 2026] 로턴 블로그 동기화 완료
Transfer starting: 40 files

sent 2097 bytes  received 20 bytes  415098 bytes/sec
total size is 77558678  speedup is 36636.11
[Fri Feb 13 19:54:30 KST 2026] 로턴 블로그 동기화 완료
Transfer starting: 40 files

sent 2097 bytes  received 20 bytes  347049 bytes/sec
total size is 77558678  speedup is 36636.11
[Fri Feb 13 19:59:30 KST 2026] 로턴 블로그 동기화 완료
Transfer starting: 40 files

sent 2097 bytes  received 20 bytes  415098 bytes/sec
total size is 77558678  speedup is 36636.11
[Fri Feb 13 20:04:30 KST 2026] 로턴 블로그 동기화 완료
Transfer starting: 40 files

sent 2097 bytes  received 20 bytes  415098 bytes/sec
total size is 77558678  speedup is 36636.11
[Fri Feb 13 20:09:30 KST 2026] 로턴 블로그 동기화 완료
Transfer starting: 40 files

sent 2097 bytes  received 20 bytes  415098 bytes/sec
total size is 77558678  speedup is 36636.11
[Fri Feb 13 20:14:30 KST 2026] 로턴 블로그 동기화 완료
Transfer starting: 40 files

sent 2097 bytes  received 20 bytes  347049 bytes/sec
total size is 77558678  speedup is 36636.11
[Fri Feb 13 20:19:30 KST 2026] 로턴 블로그 동기화 완료
Transfer starting: 40 files

sent 2097 bytes  received 20 bytes  347049 bytes/sec
total size is 77558678  speedup is 36636.11
[Fri Feb 13 20:24:30 KST 2026] 로턴 블로그 동기화 완료
Transfer starting: 40 files

sent 2097 bytes  received 20 bytes  347049 bytes/sec
total size is 77558678  speedup is 36636.11
[Fri Feb 13 20:29:30 KST 2026] 로턴 블로그 동기화 완료
Transfer starting: 40 files

sent 2097 bytes  received 20 bytes  347049 bytes/sec
total size is 77558678  speedup is 36636.11
[Fri Feb 13 20:34:30 KST 2026] 로턴 블로그 동기화 완료
Transfer starting: 40 files

sent 2097 bytes  received 20 bytes  415098 bytes/sec
total size is 77558678  speedup is 36636.11
[Fri Feb 13 20:39:30 KST 2026] 로턴 블로그 동기화 완료
Transfer starting: 40 files

sent 2097 bytes  received 20 bytes  347049 bytes/sec
total size is 77558678  speedup is 36636.11
[Fri Feb 13 20:44:30 KST 2026] 로턴 블로그 동기화 완료
Transfer starting: 40 files

sent 2097 bytes  received 20 bytes  415098 bytes/sec
total size is 77558678  speedup is 36636.11
[Fri Feb 13 20:49:30 KST 2026] 로턴 블로그 동기화 완료
Transfer starting: 40 files

sent 2097 bytes  received 20 bytes  415098 bytes/sec
total size is 77558678  speedup is 36636.11
[Fri Feb 13 20:54:30 KST 2026] 로턴 블로그 동기화 완료
Transfer starting: 40 files

sent 2097 bytes  received 20 bytes  415098 bytes/sec
total size is 77558678  speedup is 36636.11
[Fri Feb 13 20:59:31 KST 2026] 로턴 블로그 동기화 완료
Transfer starting: 40 files

sent 2097 bytes  received 20 bytes  415098 bytes/sec
total size is 77558678  speedup is 36636.11
[Fri Feb 13 21:04:31 KST 2026] 로턴 블로그 동기화 완료
Transfer starting: 40 files

sent 2097 bytes  received 20 bytes  415098 bytes/sec
total size is 77558678  speedup is 36636.11
[Fri Feb 13 21:09:31 KST 2026] 로턴 블로그 동기화 완료
Transfer starting: 40 files

sent 2097 bytes  received 20 bytes  415098 bytes/sec
total size is 77558678  speedup is 36636.11
[Fri Feb 13 21:14:31 KST 2026] 로턴 블로그 동기화 완료
Transfer starting: 40 files

sent 2097 bytes  received 20 bytes  415098 bytes/sec
total size is 77558678  speedup is 36636.11
[Fri Feb 13 21:19:31 KST 2026] 로턴 블로그 동기화 완료
Transfer starting: 40 files

sent 2097 bytes  received 20 bytes  415098 bytes/sec
total size is 77558678  speedup is 36636.11
[Fri Feb 13 21:24:31 KST 2026] 로턴 블로그 동기화 완료
Transfer starting: 40 files

sent 2097 bytes  received 20 bytes  415098 bytes/sec
total size is 77558678  speedup is 36636.11
[Fri Feb 13 21:29:31 KST 2026] 로턴 블로그 동기화 완료
Transfer starting: 40 files

sent 2097 bytes  received 20 bytes  415098 bytes/sec
total size is 77558678  speedup is 36636.11
[Fri Feb 13 21:34:31 KST 2026] 로턴 블로그 동기화 완료
Transfer starting: 40 files

sent 2097 bytes  received 20 bytes  415098 bytes/sec
total size is 77558678  speedup is 36636.11
[Fri Feb 13 21:39:31 KST 2026] 로턴 블로그 동기화 완료
Transfer starting: 40 files

sent 2097 bytes  received 20 bytes  415098 bytes/sec
total size is 77558678  speedup is 36636.11
[Fri Feb 13 21:44:31 KST 2026] 로턴 블로그 동기화 완료
Transfer starting: 40 files

sent 2097 bytes  received 20 bytes  347049 bytes/sec
total size is 77558678  speedup is 36636.11
[Fri Feb 13 21:49:31 KST 2026] 로턴 블로그 동기화 완료
Transfer starting: 40 files

sent 2097 bytes  received 20 bytes  415098 bytes/sec
total size is 77558678  speedup is 36636.11
[Fri Feb 13 21:54:31 KST 2026] 로턴 블로그 동기화 완료
Transfer starting: 40 files

sent 2097 bytes  received 20 bytes  415098 bytes/sec
total size is 77558678  speedup is 36636.11
[Fri Feb 13 21:59:31 KST 2026] 로턴 블로그 동기화 완료
Transfer starting: 40 files

sent 2097 bytes  received 20 bytes  347049 bytes/sec
total size is 77558678  speedup is 36636.11
[Fri Feb 13 22:04:31 KST 2026] 로턴 블로그 동기화 완료
Transfer starting: 40 files

sent 2097 bytes  received 20 bytes  347049 bytes/sec
total size is 77558678  speedup is 36636.11
[Fri Feb 13 22:09:31 KST 2026] 로턴 블로그 동기화 완료
Transfer starting: 40 files

sent 2097 bytes  received 20 bytes  415098 bytes/sec
total size is 77558678  speedup is 36636.11
[Fri Feb 13 22:14:31 KST 2026] 로턴 블로그 동기화 완료
Transfer starting: 40 files

sent 2097 bytes  received 20 bytes  415098 bytes/sec
total size is 77558678  speedup is 36636.11
[Fri Feb 13 22:19:31 KST 2026] 로턴 블로그 동기화 완료
Transfer starting: 40 files

sent 2097 bytes  received 20 bytes  415098 bytes/sec
total size is 77558678  speedup is 36636.11
[Fri Feb 13 22:24:31 KST 2026] 로턴 블로그 동기화 완료
Transfer starting: 40 files

sent 2097 bytes  received 20 bytes  347049 bytes/sec
total size is 77558678  speedup is 36636.11
[Fri Feb 13 22:29:31 KST 2026] 로턴 블로그 동기화 완료
Transfer starting: 40 files

sent 2097 bytes  received 20 bytes  415098 bytes/sec
total size is 77558678  speedup is 36636.11
[Fri Feb 13 22:34:31 KST 2026] 로턴 블로그 동기화 완료
Transfer starting: 40 files

sent 2097 bytes  received 20 bytes  347049 bytes/sec
total size is 77558678  speedup is 36636.11
[Fri Feb 13 22:39:31 KST 2026] 로턴 블로그 동기화 완료
Transfer starting: 40 files

sent 2097 bytes  received 20 bytes  347049 bytes/sec
total size is 77558678  speedup is 36636.11
[Fri Feb 13 22:44:31 KST 2026] 로턴 블로그 동기화 완료
Transfer starting: 40 files

sent 2097 bytes  received 20 bytes  347049 bytes/sec
total size is 77558678  speedup is 36636.11
[Fri Feb 13 22:49:31 KST 2026] 로턴 블로그 동기화 완료
Transfer starting: 40 files

sent 2097 bytes  received 20 bytes  347049 bytes/sec
total size is 77558678  speedup is 36636.11
[Fri Feb 13 22:54:31 KST 2026] 로턴 블로그 동기화 완료
Transfer starting: 40 files

sent 2097 bytes  received 20 bytes  415098 bytes/sec
total size is 77558678  speedup is 36636.11
[Fri Feb 13 22:59:31 KST 2026] 로턴 블로그 동기화 완료
Transfer starting: 40 files

sent 2097 bytes  received 20 bytes  347049 bytes/sec
total size is 77558678  speedup is 36636.11
[Fri Feb 13 23:04:31 KST 2026] 로턴 블로그 동기화 완료
Transfer starting: 40 files

sent 2097 bytes  received 20 bytes  415098 bytes/sec
total size is 77558678  speedup is 36636.11
[Fri Feb 13 23:09:31 KST 2026] 로턴 블로그 동기화 완료
Transfer starting: 40 files

sent 2097 bytes  received 20 bytes  415098 bytes/sec
total size is 77558678  speedup is 36636.11
[Fri Feb 13 23:14:31 KST 2026] 로턴 블로그 동기화 완료
Transfer starting: 40 files

sent 2097 bytes  received 20 bytes  415098 bytes/sec
total size is 77558678  speedup is 36636.11
[Fri Feb 13 23:19:31 KST 2026] 로턴 블로그 동기화 완료
Transfer starting: 40 files

sent 2097 bytes  received 20 bytes  415098 bytes/sec
total size is 77558678  speedup is 36636.11
[Fri Feb 13 23:24:31 KST 2026] 로턴 블로그 동기화 완료
Transfer starting: 40 files

sent 2097 bytes  received 20 bytes  415098 bytes/sec
total size is 77558678  speedup is 36636.11
[Fri Feb 13 23:29:31 KST 2026] 로턴 블로그 동기화 완료
Transfer starting: 40 files

sent 2097 bytes  received 20 bytes  347049 bytes/sec
total size is 77558678  speedup is 36636.11
[Fri Feb 13 23:34:32 KST 2026] 로턴 블로그 동기화 완료
Transfer starting: 40 files

sent 2097 bytes  received 20 bytes  415098 bytes/sec
total size is 77558678  speedup is 36636.11
[Fri Feb 13 23:39:32 KST 2026] 로턴 블로그 동기화 완료
Transfer starting: 40 files

sent 2097 bytes  received 20 bytes  415098 bytes/sec
total size is 77558678  speedup is 36636.11
[Fri Feb 13 23:44:32 KST 2026] 로턴 블로그 동기화 완료
Transfer starting: 40 files

sent 2097 bytes  received 20 bytes  415098 bytes/sec
total size is 77558678  speedup is 36636.11
[Fri Feb 13 23:49:32 KST 2026] 로턴 블로그 동기화 완료
Transfer starting: 40 files

sent 2097 bytes  received 20 bytes  347049 bytes/sec
total size is 77558678  speedup is 36636.11
[Fri Feb 13 23:54:32 KST 2026] 로턴 블로그 동기화 완료
Transfer starting: 40 files

sent 2097 bytes  received 20 bytes  415098 bytes/sec
total size is 77558678  speedup is 36636.11
[Fri Feb 13 23:59:32 KST 2026] 로턴 블로그 동기화 완료
Transfer starting: 40 files

sent 2097 bytes  received 20 bytes  347049 bytes/sec
total size is 77558678  speedup is 36636.11
[Sat Feb 14 00:04:32 KST 2026] 로턴 블로그 동기화 완료
Transfer starting: 40 files

sent 2097 bytes  received 20 bytes  347049 bytes/sec
total size is 77558678  speedup is 36636.11
[Sat Feb 14 00:09:32 KST 2026] 로턴 블로그 동기화 완료
Transfer starting: 40 files

sent 2097 bytes  received 20 bytes  347049 bytes/sec
total size is 77558678  speedup is 36636.11
[Sat Feb 14 00:14:32 KST 2026] 로턴 블로그 동기화 완료
Transfer starting: 40 files

sent 2097 bytes  received 20 bytes  347049 bytes/sec
total size is 77558678  speedup is 36636.11
[Sat Feb 14 00:19:32 KST 2026] 로턴 블로그 동기화 완료
Transfer starting: 40 files

sent 2097 bytes  received 20 bytes  347049 bytes/sec
total size is 77558678  speedup is 36636.11
[Sat Feb 14 00:24:32 KST 2026] 로턴 블로그 동기화 완료
Transfer starting: 40 files

sent 2097 bytes  received 20 bytes  415098 bytes/sec
total size is 77558678  speedup is 36636.11
[Sat Feb 14 00:29:32 KST 2026] 로턴 블로그 동기화 완료
Transfer starting: 40 files

sent 2097 bytes  received 20 bytes  415098 bytes/sec
total size is 77558678  speedup is 36636.11
[Sat Feb 14 00:34:32 KST 2026] 로턴 블로그 동기화 완료
Transfer starting: 40 files

sent 2097 bytes  received 20 bytes  347049 bytes/sec
total size is 77558678  speedup is 36636.11
[Sat Feb 14 00:39:32 KST 2026] 로턴 블로그 동기화 완료
Transfer starting: 40 files

sent 2097 bytes  received 20 bytes  347049 bytes/sec
total size is 77558678  speedup is 36636.11
[Sat Feb 14 00:44:32 KST 2026] 로턴 블로그 동기화 완료
Transfer starting: 40 files

sent 2097 bytes  received 20 bytes  415098 bytes/sec
total size is 77558678  speedup is 36636.11
[Sat Feb 14 00:49:32 KST 2026] 로턴 블로그 동기화 완료
Transfer starting: 40 files

sent 2097 bytes  received 20 bytes  347049 bytes/sec
total size is 77558678  speedup is 36636.11
[Sat Feb 14 00:54:32 KST 2026] 로턴 블로그 동기화 완료
Transfer starting: 40 files

sent 2097 bytes  received 20 bytes  415098 bytes/sec
total size is 77558678  speedup is 36636.11
[Sat Feb 14 00:59:32 KST 2026] 로턴 블로그 동기화 완료
Transfer starting: 40 files

sent 2097 bytes  received 20 bytes  415098 bytes/sec
total size is 77558678  speedup is 36636.11
[Sat Feb 14 01:04:32 KST 2026] 로턴 블로그 동기화 완료
Transfer starting: 40 files

sent 2097 bytes  received 20 bytes  347049 bytes/sec
total size is 77558678  speedup is 36636.11
[Sat Feb 14 01:09:32 KST 2026] 로턴 블로그 동기화 완료
Transfer starting: 40 files

sent 2097 bytes  received 20 bytes  415098 bytes/sec
total size is 77558678  speedup is 36636.11
[Sat Feb 14 01:14:32 KST 2026] 로턴 블로그 동기화 완료
Transfer starting: 40 files

sent 2097 bytes  received 20 bytes  347049 bytes/sec
total size is 77558678  speedup is 36636.11
[Sat Feb 14 01:19:32 KST 2026] 로턴 블로그 동기화 완료
Transfer starting: 40 files

sent 2097 bytes  received 20 bytes  347049 bytes/sec
total size is 77558678  speedup is 36636.11
[Sat Feb 14 01:24:32 KST 2026] 로턴 블로그 동기화 완료
Transfer starting: 40 files

sent 2097 bytes  received 20 bytes  415098 bytes/sec
total size is 77558678  speedup is 36636.11
[Sat Feb 14 01:29:32 KST 2026] 로턴 블로그 동기화 완료
Transfer starting: 40 files

sent 2097 bytes  received 20 bytes  347049 bytes/sec
total size is 77558678  speedup is 36636.11
[Sat Feb 14 01:34:32 KST 2026] 로턴 블로그 동기화 완료
Transfer starting: 40 files

sent 2097 bytes  received 20 bytes  347049 bytes/sec
total size is 77558678  speedup is 36636.11
[Sat Feb 14 01:39:32 KST 2026] 로턴 블로그 동기화 완료
Transfer starting: 40 files

sent 2097 bytes  received 20 bytes  415098 bytes/sec
total size is 77558678  speedup is 36636.11
[Sat Feb 14 01:44:32 KST 2026] 로턴 블로그 동기화 완료
Transfer starting: 40 files

sent 2097 bytes  received 20 bytes  347049 bytes/sec
total size is 77558678  speedup is 36636.11
[Sat Feb 14 01:49:32 KST 2026] 로턴 블로그 동기화 완료
Transfer starting: 40 files

sent 2097 bytes  received 20 bytes  347049 bytes/sec
total size is 77558678  speedup is 36636.11
[Sat Feb 14 01:54:32 KST 2026] 로턴 블로그 동기화 완료
Transfer starting: 40 files

sent 2097 bytes  received 20 bytes  415098 bytes/sec
total size is 77558678  speedup is 36636.11
[Sat Feb 14 01:59:33 KST 2026] 로턴 블로그 동기화 완료
Transfer starting: 40 files

sent 2097 bytes  received 20 bytes  415098 bytes/sec
total size is 77558678  speedup is 36636.11
[Sat Feb 14 02:04:33 KST 2026] 로턴 블로그 동기화 완료
Transfer starting: 40 files

sent 2097 bytes  received 20 bytes  347049 bytes/sec
total size is 77558678  speedup is 36636.11
[Sat Feb 14 02:09:33 KST 2026] 로턴 블로그 동기화 완료
Transfer starting: 40 files

sent 2097 bytes  received 20 bytes  347049 bytes/sec
total size is 77558678  speedup is 36636.11
[Sat Feb 14 02:14:33 KST 2026] 로턴 블로그 동기화 완료
Transfer starting: 40 files

sent 2097 bytes  received 20 bytes  347049 bytes/sec
total size is 77558678  speedup is 36636.11
[Sat Feb 14 02:19:33 KST 2026] 로턴 블로그 동기화 완료
Transfer starting: 40 files

sent 2097 bytes  received 20 bytes  347049 bytes/sec
total size is 77558678  speedup is 36636.11
[Sat Feb 14 02:24:33 KST 2026] 로턴 블로그 동기화 완료
Transfer starting: 40 files

sent 2097 bytes  received 20 bytes  347049 bytes/sec
total size is 77558678  speedup is 36636.11
[Sat Feb 14 02:29:33 KST 2026] 로턴 블로그 동기화 완료
Transfer starting: 40 files

sent 2097 bytes  received 20 bytes  415098 bytes/sec
total size is 77558678  speedup is 36636.11
[Sat Feb 14 02:34:33 KST 2026] 로턴 블로그 동기화 완료
Transfer starting: 40 files

sent 2097 bytes  received 20 bytes  415098 bytes/sec
total size is 77558678  speedup is 36636.11
[Sat Feb 14 02:39:33 KST 2026] 로턴 블로그 동기화 완료
Transfer starting: 40 files

sent 2097 bytes  received 20 bytes  415098 bytes/sec
total size is 77558678  speedup is 36636.11
[Sat Feb 14 02:44:33 KST 2026] 로턴 블로그 동기화 완료
Transfer starting: 40 files

sent 2097 bytes  received 20 bytes  347049 bytes/sec
total size is 77558678  speedup is 36636.11
[Sat Feb 14 02:49:33 KST 2026] 로턴 블로그 동기화 완료
Transfer starting: 40 files

sent 2097 bytes  received 20 bytes  415098 bytes/sec
total size is 77558678  speedup is 36636.11
[Sat Feb 14 02:54:33 KST 2026] 로턴 블로그 동기화 완료
Transfer starting: 40 files

sent 2097 bytes  received 20 bytes  415098 bytes/sec
total size is 77558678  speedup is 36636.11
[Sat Feb 14 02:59:33 KST 2026] 로턴 블로그 동기화 완료
Transfer starting: 40 files

sent 2097 bytes  received 20 bytes  347049 bytes/sec
total size is 77558678  speedup is 36636.11
[Sat Feb 14 03:04:33 KST 2026] 로턴 블로그 동기화 완료
Transfer starting: 40 files

sent 2097 bytes  received 20 bytes  347049 bytes/sec
total size is 77558678  speedup is 36636.11
[Sat Feb 14 03:09:33 KST 2026] 로턴 블로그 동기화 완료
Transfer starting: 40 files

sent 2097 bytes  received 20 bytes  415098 bytes/sec
total size is 77558678  speedup is 36636.11
[Sat Feb 14 03:14:33 KST 2026] 로턴 블로그 동기화 완료
Transfer starting: 40 files

sent 2097 bytes  received 20 bytes  347049 bytes/sec
total size is 77558678  speedup is 36636.11
[Sat Feb 14 03:19:33 KST 2026] 로턴 블로그 동기화 완료
Transfer starting: 40 files

sent 2097 bytes  received 20 bytes  415098 bytes/sec
total size is 77558678  speedup is 36636.11
[Sat Feb 14 03:24:33 KST 2026] 로턴 블로그 동기화 완료
Transfer starting: 40 files

sent 2097 bytes  received 20 bytes  347049 bytes/sec
total size is 77558678  speedup is 36636.11
[Sat Feb 14 03:29:33 KST 2026] 로턴 블로그 동기화 완료
Transfer starting: 40 files

sent 2097 bytes  received 20 bytes  261358 bytes/sec
total size is 77558678  speedup is 36636.11
[Sat Feb 14 03:34:33 KST 2026] 로턴 블로그 동기화 완료
Transfer starting: 40 files

sent 2097 bytes  received 20 bytes  347049 bytes/sec
total size is 77558678  speedup is 36636.11
[Sat Feb 14 03:39:33 KST 2026] 로턴 블로그 동기화 완료
Transfer starting: 40 files

sent 2097 bytes  received 20 bytes  415098 bytes/sec
total size is 77558678  speedup is 36636.11
[Sat Feb 14 03:44:33 KST 2026] 로턴 블로그 동기화 완료
Transfer starting: 40 files

sent 2097 bytes  received 20 bytes  347049 bytes/sec
total size is 77558678  speedup is 36636.11
[Sat Feb 14 03:49:33 KST 2026] 로턴 블로그 동기화 완료
Transfer starting: 40 files

sent 2097 bytes  received 20 bytes  347049 bytes/sec
total size is 77558678  speedup is 36636.11
[Sat Feb 14 03:54:33 KST 2026] 로턴 블로그 동기화 완료
Transfer starting: 40 files

sent 2097 bytes  received 20 bytes  347049 bytes/sec
total size is 77558678  speedup is 36636.11
[Sat Feb 14 03:59:33 KST 2026] 로턴 블로그 동기화 완료
Transfer starting: 40 files

sent 2097 bytes  received 20 bytes  415098 bytes/sec
total size is 77558678  speedup is 36636.11
[Sat Feb 14 04:04:33 KST 2026] 로턴 블로그 동기화 완료
Transfer starting: 40 files

sent 2097 bytes  received 20 bytes  347049 bytes/sec
total size is 77558678  speedup is 36636.11
[Sat Feb 14 04:09:33 KST 2026] 로턴 블로그 동기화 완료
Transfer starting: 40 files

sent 2097 bytes  received 20 bytes  347049 bytes/sec
total size is 77558678  speedup is 36636.11
[Sat Feb 14 04:14:33 KST 2026] 로턴 블로그 동기화 완료
Transfer starting: 40 files

sent 2097 bytes  received 20 bytes  415098 bytes/sec
total size is 77558678  speedup is 36636.11
[Sat Feb 14 04:19:34 KST 2026] 로턴 블로그 동기화 완료
Transfer starting: 40 files

sent 2097 bytes  received 20 bytes  347049 bytes/sec
total size is 77558678  speedup is 36636.11
[Sat Feb 14 04:24:34 KST 2026] 로턴 블로그 동기화 완료
Transfer starting: 40 files

sent 2097 bytes  received 20 bytes  415098 bytes/sec
total size is 77558678  speedup is 36636.11
[Sat Feb 14 04:29:34 KST 2026] 로턴 블로그 동기화 완료
Transfer starting: 40 files

sent 2097 bytes  received 20 bytes  347049 bytes/sec
total size is 77558678  speedup is 36636.11
[Sat Feb 14 04:34:34 KST 2026] 로턴 블로그 동기화 완료
Transfer starting: 40 files

sent 2097 bytes  received 20 bytes  347049 bytes/sec
total size is 77558678  speedup is 36636.11
[Sat Feb 14 04:39:34 KST 2026] 로턴 블로그 동기화 완료
Transfer starting: 40 files

sent 2097 bytes  received 20 bytes  347049 bytes/sec
total size is 77558678  speedup is 36636.11
[Sat Feb 14 04:44:34 KST 2026] 로턴 블로그 동기화 완료
Transfer starting: 40 files

sent 2097 bytes  received 20 bytes  347049 bytes/sec
total size is 77558678  speedup is 36636.11
[Sat Feb 14 04:49:34 KST 2026] 로턴 블로그 동기화 완료
Transfer starting: 40 files

sent 2097 bytes  received 20 bytes  415098 bytes/sec
total size is 77558678  speedup is 36636.11
[Sat Feb 14 04:54:34 KST 2026] 로턴 블로그 동기화 완료
Transfer starting: 40 files

sent 2097 bytes  received 20 bytes  415098 bytes/sec
total size is 77558678  speedup is 36636.11
[Sat Feb 14 04:59:34 KST 2026] 로턴 블로그 동기화 완료
Transfer starting: 40 files

sent 2097 bytes  received 20 bytes  347049 bytes/sec
total size is 77558678  speedup is 36636.11
[Sat Feb 14 05:04:34 KST 2026] 로턴 블로그 동기화 완료
Transfer starting: 40 files

sent 2097 bytes  received 20 bytes  415098 bytes/sec
total size is 77558678  speedup is 36636.11
[Sat Feb 14 05:09:34 KST 2026] 로턴 블로그 동기화 완료
Transfer starting: 40 files

sent 2097 bytes  received 20 bytes  415098 bytes/sec
total size is 77558678  speedup is 36636.11
[Sat Feb 14 05:14:34 KST 2026] 로턴 블로그 동기화 완료
Transfer starting: 40 files

sent 2097 bytes  received 20 bytes  347049 bytes/sec
total size is 77558678  speedup is 36636.11
[Sat Feb 14 05:19:34 KST 2026] 로턴 블로그 동기화 완료
Transfer starting: 40 files

sent 2097 bytes  received 20 bytes  347049 bytes/sec
total size is 77558678  speedup is 36636.11
[Sat Feb 14 05:24:34 KST 2026] 로턴 블로그 동기화 완료
Transfer starting: 40 files

sent 2097 bytes  received 20 bytes  347049 bytes/sec
total size is 77558678  speedup is 36636.11
[Sat Feb 14 05:29:34 KST 2026] 로턴 블로그 동기화 완료
Transfer starting: 40 files

sent 2097 bytes  received 20 bytes  347049 bytes/sec
total size is 77558678  speedup is 36636.11
[Sat Feb 14 05:34:34 KST 2026] 로턴 블로그 동기화 완료
Transfer starting: 40 files

sent 2097 bytes  received 20 bytes  415098 bytes/sec
total size is 77558678  speedup is 36636.11
[Sat Feb 14 05:39:34 KST 2026] 로턴 블로그 동기화 완료
Transfer starting: 40 files

sent 2097 bytes  received 20 bytes  415098 bytes/sec
total size is 77558678  speedup is 36636.11
[Sat Feb 14 05:44:34 KST 2026] 로턴 블로그 동기화 완료
Transfer starting: 40 files

sent 2097 bytes  received 20 bytes  415098 bytes/sec
total size is 77558678  speedup is 36636.11
[Sat Feb 14 05:49:34 KST 2026] 로턴 블로그 동기화 완료
Transfer starting: 40 files

sent 2097 bytes  received 20 bytes  347049 bytes/sec
total size is 77558678  speedup is 36636.11
[Sat Feb 14 05:54:34 KST 2026] 로턴 블로그 동기화 완료
Transfer starting: 40 files

sent 2097 bytes  received 20 bytes  347049 bytes/sec
total size is 77558678  speedup is 36636.11
[Sat Feb 14 05:59:34 KST 2026] 로턴 블로그 동기화 완료
Transfer starting: 40 files

sent 2097 bytes  received 20 bytes  415098 bytes/sec
total size is 77558678  speedup is 36636.11
[Sat Feb 14 06:04:34 KST 2026] 로턴 블로그 동기화 완료
Transfer starting: 40 files

sent 2097 bytes  received 20 bytes  347049 bytes/sec
total size is 77558678  speedup is 36636.11
[Sat Feb 14 06:09:34 KST 2026] 로턴 블로그 동기화 완료
Transfer starting: 40 files

sent 2097 bytes  received 20 bytes  347049 bytes/sec
total size is 77558678  speedup is 36636.11
[Sat Feb 14 06:14:34 KST 2026] 로턴 블로그 동기화 완료
Transfer starting: 40 files

sent 2097 bytes  received 20 bytes  415098 bytes/sec
total size is 77558678  speedup is 36636.11
[Sat Feb 14 06:19:34 KST 2026] 로턴 블로그 동기화 완료
Transfer starting: 40 files

sent 2097 bytes  received 20 bytes  415098 bytes/sec
total size is 77558678  speedup is 36636.11
[Sat Feb 14 06:24:34 KST 2026] 로턴 블로그 동기화 완료
Transfer starting: 40 files

sent 2097 bytes  received 20 bytes  347049 bytes/sec
total size is 77558678  speedup is 36636.11
[Sat Feb 14 06:29:34 KST 2026] 로턴 블로그 동기화 완료
Transfer starting: 40 files

sent 2097 bytes  received 20 bytes  415098 bytes/sec
total size is 77558678  speedup is 36636.11
[Sat Feb 14 06:34:34 KST 2026] 로턴 블로그 동기화 완료
Transfer starting: 40 files

sent 2097 bytes  received 20 bytes  347049 bytes/sec
total size is 77558678  speedup is 36636.11
[Sat Feb 14 06:39:34 KST 2026] 로턴 블로그 동기화 완료
Transfer starting: 40 files

sent 2097 bytes  received 20 bytes  415098 bytes/sec
total size is 77558678  speedup is 36636.11
[Sat Feb 14 06:44:35 KST 2026] 로턴 블로그 동기화 완료
Transfer starting: 40 files

sent 2097 bytes  received 20 bytes  415098 bytes/sec
total size is 77558678  speedup is 36636.11
[Sat Feb 14 06:49:35 KST 2026] 로턴 블로그 동기화 완료
Transfer starting: 40 files

sent 2097 bytes  received 20 bytes  415098 bytes/sec
total size is 77558678  speedup is 36636.11
[Sat Feb 14 06:54:35 KST 2026] 로턴 블로그 동기화 완료
Transfer starting: 40 files

sent 2097 bytes  received 20 bytes  415098 bytes/sec
total size is 77558678  speedup is 36636.11
[Sat Feb 14 06:59:35 KST 2026] 로턴 블로그 동기화 완료
Transfer starting: 40 files

sent 2097 bytes  received 20 bytes  347049 bytes/sec
total size is 77558678  speedup is 36636.11
[Sat Feb 14 07:04:35 KST 2026] 로턴 블로그 동기화 완료
Transfer starting: 40 files

sent 2097 bytes  received 20 bytes  347049 bytes/sec
total size is 77558678  speedup is 36636.11
[Sat Feb 14 07:09:35 KST 2026] 로턴 블로그 동기화 완료
Transfer starting: 40 files

sent 2097 bytes  received 20 bytes  347049 bytes/sec
total size is 77558678  speedup is 36636.11
[Sat Feb 14 07:14:35 KST 2026] 로턴 블로그 동기화 완료
Transfer starting: 40 files

sent 2097 bytes  received 20 bytes  347049 bytes/sec
total size is 77558678  speedup is 36636.11
[Sat Feb 14 07:19:35 KST 2026] 로턴 블로그 동기화 완료
Transfer starting: 40 files

sent 2097 bytes  received 20 bytes  347049 bytes/sec
total size is 77558678  speedup is 36636.11
[Sat Feb 14 07:24:35 KST 2026] 로턴 블로그 동기화 완료
Transfer starting: 40 files

sent 2097 bytes  received 20 bytes  347049 bytes/sec
total size is 77558678  speedup is 36636.11
[Sat Feb 14 07:29:35 KST 2026] 로턴 블로그 동기화 완료
Transfer starting: 40 files

sent 2097 bytes  received 20 bytes  415098 bytes/sec
total size is 77558678  speedup is 36636.11
[Sat Feb 14 07:34:35 KST 2026] 로턴 블로그 동기화 완료
Transfer starting: 40 files

sent 2097 bytes  received 20 bytes  415098 bytes/sec
total size is 77558678  speedup is 36636.11
[Sat Feb 14 07:39:35 KST 2026] 로턴 블로그 동기화 완료
Transfer starting: 40 files

sent 2097 bytes  received 20 bytes  415098 bytes/sec
total size is 77558678  speedup is 36636.11
[Sat Feb 14 07:44:35 KST 2026] 로턴 블로그 동기화 완료
Transfer starting: 40 files

sent 2097 bytes  received 20 bytes  347049 bytes/sec
total size is 77558678  speedup is 36636.11
[Sat Feb 14 07:49:35 KST 2026] 로턴 블로그 동기화 완료
Transfer starting: 40 files

sent 2097 bytes  received 20 bytes  347049 bytes/sec
total size is 77558678  speedup is 36636.11
[Sat Feb 14 07:54:35 KST 2026] 로턴 블로그 동기화 완료
Transfer starting: 40 files

sent 2097 bytes  received 20 bytes  347049 bytes/sec
total size is 77558678  speedup is 36636.11
[Sat Feb 14 07:59:35 KST 2026] 로턴 블로그 동기화 완료
Transfer starting: 40 files

sent 2097 bytes  received 20 bytes  347049 bytes/sec
total size is 77558678  speedup is 36636.11
[Sat Feb 14 08:04:35 KST 2026] 로턴 블로그 동기화 완료
Transfer starting: 40 files

sent 2097 bytes  received 20 bytes  415098 bytes/sec
total size is 77558678  speedup is 36636.11
[Sat Feb 14 08:09:35 KST 2026] 로턴 블로그 동기화 완료
Transfer starting: 40 files

sent 2097 bytes  received 20 bytes  415098 bytes/sec
total size is 77558678  speedup is 36636.11
[Sat Feb 14 08:14:35 KST 2026] 로턴 블로그 동기화 완료
Transfer starting: 40 files

sent 2097 bytes  received 20 bytes  347049 bytes/sec
total size is 77558678  speedup is 36636.11
[Sat Feb 14 08:19:35 KST 2026] 로턴 블로그 동기화 완료
Transfer starting: 40 files

sent 2097 bytes  received 20 bytes  415098 bytes/sec
total size is 77558678  speedup is 36636.11
[Sat Feb 14 08:24:35 KST 2026] 로턴 블로그 동기화 완료
Transfer starting: 40 files

sent 2097 bytes  received 20 bytes  415098 bytes/sec
total size is 77558678  speedup is 36636.11
[Sat Feb 14 08:29:35 KST 2026] 로턴 블로그 동기화 완료
Transfer starting: 40 files

sent 2097 bytes  received 20 bytes  415098 bytes/sec
total size is 77558678  speedup is 36636.11
[Sat Feb 14 08:34:35 KST 2026] 로턴 블로그 동기화 완료
Transfer starting: 40 files

sent 2097 bytes  received 20 bytes  347049 bytes/sec
total size is 77558678  speedup is 36636.11
[Sat Feb 14 08:39:35 KST 2026] 로턴 블로그 동기화 완료
Transfer starting: 40 files

sent 2097 bytes  received 20 bytes  347049 bytes/sec
total size is 77558678  speedup is 36636.11
[Sat Feb 14 08:44:35 KST 2026] 로턴 블로그 동기화 완료
Transfer starting: 40 files

sent 2097 bytes  received 20 bytes  415098 bytes/sec
total size is 77558678  speedup is 36636.11
[Sat Feb 14 08:49:35 KST 2026] 로턴 블로그 동기화 완료
Transfer starting: 40 files

sent 2097 bytes  received 20 bytes  415098 bytes/sec
total size is 77558678  speedup is 36636.11
[Sat Feb 14 08:54:35 KST 2026] 로턴 블로그 동기화 완료
Transfer starting: 40 files

sent 2097 bytes  received 20 bytes  415098 bytes/sec
total size is 77558678  speedup is 36636.11
[Sat Feb 14 08:59:35 KST 2026] 로턴 블로그 동기화 완료
Transfer starting: 40 files

sent 2097 bytes  received 20 bytes  347049 bytes/sec
total size is 77558678  speedup is 36636.11
[Sat Feb 14 09:04:35 KST 2026] 로턴 블로그 동기화 완료
Transfer starting: 40 files

sent 2097 bytes  received 20 bytes  347049 bytes/sec
total size is 77558678  speedup is 36636.11
[Sat Feb 14 09:09:36 KST 2026] 로턴 블로그 동기화 완료
Transfer starting: 40 files

sent 2097 bytes  received 20 bytes  415098 bytes/sec
total size is 77558678  speedup is 36636.11
[Sat Feb 14 09:14:36 KST 2026] 로턴 블로그 동기화 완료
Transfer starting: 40 files

sent 2097 bytes  received 20 bytes  415098 bytes/sec
total size is 77558678  speedup is 36636.11
[Sat Feb 14 09:19:36 KST 2026] 로턴 블로그 동기화 완료
Transfer starting: 40 files

sent 2097 bytes  received 20 bytes  415098 bytes/sec
total size is 77558678  speedup is 36636.11
[Sat Feb 14 09:24:36 KST 2026] 로턴 블로그 동기화 완료
Transfer starting: 40 files

sent 2097 bytes  received 20 bytes  415098 bytes/sec
total size is 77558678  speedup is 36636.11
[Sat Feb 14 09:29:36 KST 2026] 로턴 블로그 동기화 완료
Transfer starting: 40 files

sent 2097 bytes  received 20 bytes  347049 bytes/sec
total size is 77558678  speedup is 36636.11
[Sat Feb 14 09:34:36 KST 2026] 로턴 블로그 동기화 완료
Transfer starting: 40 files

sent 2097 bytes  received 20 bytes  347049 bytes/sec
total size is 77558678  speedup is 36636.11
[Sat Feb 14 09:39:36 KST 2026] 로턴 블로그 동기화 완료
Transfer starting: 40 files

sent 2097 bytes  received 20 bytes  347049 bytes/sec
total size is 77558678  speedup is 36636.11
[Sat Feb 14 09:44:36 KST 2026] 로턴 블로그 동기화 완료
Transfer starting: 40 files

sent 2097 bytes  received 20 bytes  347049 bytes/sec
total size is 77558678  speedup is 36636.11
[Sat Feb 14 09:49:36 KST 2026] 로턴 블로그 동기화 완료
Transfer starting: 40 files

sent 2097 bytes  received 20 bytes  347049 bytes/sec
total size is 77558678  speedup is 36636.11
[Sat Feb 14 09:54:36 KST 2026] 로턴 블로그 동기화 완료
Transfer starting: 40 files

sent 2097 bytes  received 20 bytes  415098 bytes/sec
total size is 77558678  speedup is 36636.11
[Sat Feb 14 09:59:36 KST 2026] 로턴 블로그 동기화 완료
Transfer starting: 40 files

sent 2097 bytes  received 20 bytes  347049 bytes/sec
total size is 77558678  speedup is 36636.11
[Sat Feb 14 10:04:36 KST 2026] 로턴 블로그 동기화 완료
Transfer starting: 40 files

sent 2097 bytes  received 20 bytes  347049 bytes/sec
total size is 77558678  speedup is 36636.11
[Sat Feb 14 10:09:36 KST 2026] 로턴 블로그 동기화 완료
Transfer starting: 40 files

sent 2097 bytes  received 20 bytes  415098 bytes/sec
total size is 77558678  speedup is 36636.11
[Sat Feb 14 10:14:36 KST 2026] 로턴 블로그 동기화 완료
Transfer starting: 40 files

sent 2097 bytes  received 20 bytes  415098 bytes/sec
total size is 77558678  speedup is 36636.11
[Sat Feb 14 10:19:36 KST 2026] 로턴 블로그 동기화 완료
Transfer starting: 40 files

sent 2097 bytes  received 20 bytes  415098 bytes/sec
total size is 77558678  speedup is 36636.11
[Sat Feb 14 10:24:36 KST 2026] 로턴 블로그 동기화 완료
Transfer starting: 40 files

sent 2097 bytes  received 20 bytes  347049 bytes/sec
total size is 77558678  speedup is 36636.11
[Sat Feb 14 10:29:36 KST 2026] 로턴 블로그 동기화 완료
Transfer starting: 40 files

sent 2097 bytes  received 20 bytes  415098 bytes/sec
total size is 77558678  speedup is 36636.11
[Sat Feb 14 10:34:36 KST 2026] 로턴 블로그 동기화 완료
Transfer starting: 40 files

sent 2097 bytes  received 20 bytes  347049 bytes/sec
total size is 77558678  speedup is 36636.11
[Sat Feb 14 10:39:36 KST 2026] 로턴 블로그 동기화 완료
Transfer starting: 40 files

sent 2097 bytes  received 20 bytes  347049 bytes/sec
total size is 77558678  speedup is 36636.11
[Sat Feb 14 10:44:36 KST 2026] 로턴 블로그 동기화 완료
Transfer starting: 40 files

sent 2097 bytes  received 20 bytes  347049 bytes/sec
total size is 77558678  speedup is 36636.11
[Sat Feb 14 10:49:36 KST 2026] 로턴 블로그 동기화 완료
Transfer starting: 40 files

sent 2097 bytes  received 20 bytes  415098 bytes/sec
total size is 77558678  speedup is 36636.11
[Sat Feb 14 10:54:36 KST 2026] 로턴 블로그 동기화 완료
Transfer starting: 40 files

sent 2097 bytes  received 20 bytes  347049 bytes/sec
total size is 77558678  speedup is 36636.11
[Sat Feb 14 10:59:36 KST 2026] 로턴 블로그 동기화 완료
Transfer starting: 40 files

sent 2097 bytes  received 20 bytes  347049 bytes/sec
total size is 77558678  speedup is 36636.11
[Sat Feb 14 11:04:36 KST 2026] 로턴 블로그 동기화 완료
Transfer starting: 40 files

sent 2097 bytes  received 20 bytes  347049 bytes/sec
total size is 77558678  speedup is 36636.11
[Sat Feb 14 11:09:36 KST 2026] 로턴 블로그 동기화 완료
Transfer starting: 40 files

sent 2097 bytes  received 20 bytes  347049 bytes/sec
total size is 77558678  speedup is 36636.11
[Sat Feb 14 11:14:36 KST 2026] 로턴 블로그 동기화 완료
Transfer starting: 40 files

sent 2097 bytes  received 20 bytes  415098 bytes/sec
total size is 77558678  speedup is 36636.11
[Sat Feb 14 11:19:36 KST 2026] 로턴 블로그 동기화 완료
Transfer starting: 40 files

sent 2097 bytes  received 20 bytes  347049 bytes/sec
total size is 77558678  speedup is 36636.11
[Sat Feb 14 11:24:36 KST 2026] 로턴 블로그 동기화 완료
Transfer starting: 40 files

sent 2097 bytes  received 20 bytes  347049 bytes/sec
total size is 77558678  speedup is 36636.11
[Sat Feb 14 11:29:36 KST 2026] 로턴 블로그 동기화 완료
Transfer starting: 40 files

sent 2097 bytes  received 20 bytes  415098 bytes/sec
total size is 77558678  speedup is 36636.11
[Sat Feb 14 11:34:37 KST 2026] 로턴 블로그 동기화 완료
Transfer starting: 40 files

sent 2097 bytes  received 20 bytes  347049 bytes/sec
total size is 77558678  speedup is 36636.11
[Sat Feb 14 11:39:37 KST 2026] 로턴 블로그 동기화 완료
Transfer starting: 40 files

sent 2097 bytes  received 20 bytes  347049 bytes/sec
total size is 77558678  speedup is 36636.11
[Sat Feb 14 11:44:37 KST 2026] 로턴 블로그 동기화 완료
Transfer starting: 40 files

sent 2097 bytes  received 20 bytes  347049 bytes/sec
total size is 77558678  speedup is 36636.11
[Sat Feb 14 11:49:37 KST 2026] 로턴 블로그 동기화 완료
Transfer starting: 40 files

sent 2097 bytes  received 20 bytes  415098 bytes/sec
total size is 77558678  speedup is 36636.11
[Sat Feb 14 11:54:37 KST 2026] 로턴 블로그 동기화 완료
Transfer starting: 40 files

sent 2097 bytes  received 20 bytes  415098 bytes/sec
total size is 77558678  speedup is 36636.11
[Sat Feb 14 11:59:37 KST 2026] 로턴 블로그 동기화 완료
Transfer starting: 40 files

sent 2097 bytes  received 20 bytes  415098 bytes/sec
total size is 77558678  speedup is 36636.11
[Sat Feb 14 12:04:37 KST 2026] 로턴 블로그 동기화 완료
Transfer starting: 40 files

sent 2097 bytes  received 20 bytes  347049 bytes/sec
total size is 77558678  speedup is 36636.11
[Sat Feb 14 12:09:37 KST 2026] 로턴 블로그 동기화 완료
Transfer starting: 40 files

sent 2097 bytes  received 20 bytes  415098 bytes/sec
total size is 77558678  speedup is 36636.11
[Sat Feb 14 12:14:37 KST 2026] 로턴 블로그 동기화 완료
Transfer starting: 40 files

sent 2097 bytes  received 20 bytes  347049 bytes/sec
total size is 77558678  speedup is 36636.11
[Sat Feb 14 12:19:37 KST 2026] 로턴 블로그 동기화 완료
Transfer starting: 40 files

sent 2097 bytes  received 20 bytes  347049 bytes/sec
total size is 77558678  speedup is 36636.11
[Sat Feb 14 12:24:37 KST 2026] 로턴 블로그 동기화 완료
Transfer starting: 40 files

sent 2097 bytes  received 20 bytes  415098 bytes/sec
total size is 77558678  speedup is 36636.11
[Sat Feb 14 12:29:37 KST 2026] 로턴 블로그 동기화 완료
Transfer starting: 40 files

sent 2097 bytes  received 20 bytes  347049 bytes/sec
total size is 77558678  speedup is 36636.11
[Sat Feb 14 12:34:37 KST 2026] 로턴 블로그 동기화 완료
Transfer starting: 40 files

sent 2097 bytes  received 20 bytes  261358 bytes/sec
total size is 77558678  speedup is 36636.11
[Sat Feb 14 12:39:37 KST 2026] 로턴 블로그 동기화 완료
Transfer starting: 40 files

sent 2097 bytes  received 20 bytes  516341 bytes/sec
total size is 77558678  speedup is 36636.11
[Sat Feb 14 12:44:37 KST 2026] 로턴 블로그 동기화 완료
Transfer starting: 40 files

sent 2097 bytes  received 20 bytes  347049 bytes/sec
total size is 77558678  speedup is 36636.11
[Sat Feb 14 12:49:37 KST 2026] 로턴 블로그 동기화 완료
Transfer starting: 40 files

sent 2097 bytes  received 20 bytes  415098 bytes/sec
total size is 77558678  speedup is 36636.11
[Sat Feb 14 12:54:37 KST 2026] 로턴 블로그 동기화 완료
Transfer starting: 40 files

sent 2097 bytes  received 20 bytes  347049 bytes/sec
total size is 77558678  speedup is 36636.11
[Sat Feb 14 12:59:37 KST 2026] 로턴 블로그 동기화 완료
Transfer starting: 40 files

sent 2097 bytes  received 20 bytes  415098 bytes/sec
total size is 77558678  speedup is 36636.11
[Sat Feb 14 13:04:37 KST 2026] 로턴 블로그 동기화 완료
Transfer starting: 40 files

sent 2097 bytes  received 20 bytes  415098 bytes/sec
total size is 77558678  speedup is 36636.11
[Sat Feb 14 13:09:37 KST 2026] 로턴 블로그 동기화 완료
Transfer starting: 40 files

sent 2097 bytes  received 20 bytes  415098 bytes/sec
total size is 77558678  speedup is 36636.11
[Sat Feb 14 13:14:37 KST 2026] 로턴 블로그 동기화 완료
Transfer starting: 40 files

sent 2097 bytes  received 20 bytes  347049 bytes/sec
total size is 77558678  speedup is 36636.11
[Sat Feb 14 13:19:37 KST 2026] 로턴 블로그 동기화 완료
Transfer starting: 40 files

sent 2097 bytes  received 20 bytes  347049 bytes/sec
total size is 77558678  speedup is 36636.11
[Sat Feb 14 13:24:37 KST 2026] 로턴 블로그 동기화 완료
Transfer starting: 40 files

sent 2097 bytes  received 20 bytes  347049 bytes/sec
total size is 77558678  speedup is 36636.11
[Sat Feb 14 13:29:37 KST 2026] 로턴 블로그 동기화 완료
Transfer starting: 40 files

sent 2097 bytes  received 20 bytes  347049 bytes/sec
total size is 77558678  speedup is 36636.11
[Sat Feb 14 13:34:37 KST 2026] 로턴 블로그 동기화 완료
Transfer starting: 40 files

sent 2097 bytes  received 20 bytes  347049 bytes/sec
total size is 77558678  speedup is 36636.11
[Sat Feb 14 13:39:37 KST 2026] 로턴 블로그 동기화 완료
Transfer starting: 40 files

sent 2097 bytes  received 20 bytes  415098 bytes/sec
total size is 77558678  speedup is 36636.11
[Sat Feb 14 13:44:37 KST 2026] 로턴 블로그 동기화 완료
Transfer starting: 40 files

sent 2097 bytes  received 20 bytes  347049 bytes/sec
total size is 77558678  speedup is 36636.11
[Sat Feb 14 13:49:38 KST 2026] 로턴 블로그 동기화 완료
Transfer starting: 40 files

sent 2097 bytes  received 20 bytes  347049 bytes/sec
total size is 77558678  speedup is 36636.11
[Sat Feb 14 13:54:38 KST 2026] 로턴 블로그 동기화 완료
Transfer starting: 40 files

sent 2097 bytes  received 20 bytes  415098 bytes/sec
total size is 77558678  speedup is 36636.11
[Sat Feb 14 13:59:38 KST 2026] 로턴 블로그 동기화 완료
Transfer starting: 40 files

sent 2097 bytes  received 20 bytes  347049 bytes/sec
total size is 77558678  speedup is 36636.11
[Sat Feb 14 14:04:38 KST 2026] 로턴 블로그 동기화 완료
Transfer starting: 40 files

sent 2097 bytes  received 20 bytes  347049 bytes/sec
total size is 77558678  speedup is 36636.11
[Sat Feb 14 14:09:38 KST 2026] 로턴 블로그 동기화 완료
Transfer starting: 40 files

sent 2097 bytes  received 20 bytes  347049 bytes/sec
total size is 77558678  speedup is 36636.11
[Sat Feb 14 14:14:38 KST 2026] 로턴 블로그 동기화 완료
Transfer starting: 40 files

sent 2097 bytes  received 20 bytes  415098 bytes/sec
total size is 77558678  speedup is 36636.11
[Sat Feb 14 14:19:38 KST 2026] 로턴 블로그 동기화 완료
Transfer starting: 40 files

sent 2097 bytes  received 20 bytes  347049 bytes/sec
total size is 77558678  speedup is 36636.11
[Sat Feb 14 14:24:38 KST 2026] 로턴 블로그 동기화 완료
Transfer starting: 40 files

sent 2097 bytes  received 20 bytes  415098 bytes/sec
total size is 77558678  speedup is 36636.11
[Sat Feb 14 14:29:38 KST 2026] 로턴 블로그 동기화 완료
Transfer starting: 40 files

sent 2097 bytes  received 20 bytes  347049 bytes/sec
total size is 77558678  speedup is 36636.11
[Sat Feb 14 14:34:38 KST 2026] 로턴 블로그 동기화 완료
Transfer starting: 40 files

sent 2097 bytes  received 20 bytes  347049 bytes/sec
total size is 77558678  speedup is 36636.11
[Sat Feb 14 14:39:38 KST 2026] 로턴 블로그 동기화 완료
Transfer starting: 40 files

sent 2097 bytes  received 20 bytes  347049 bytes/sec
total size is 77558678  speedup is 36636.11
[Sat Feb 14 14:44:38 KST 2026] 로턴 블로그 동기화 완료
Transfer starting: 40 files

sent 2097 bytes  received 20 bytes  347049 bytes/sec
total size is 77558678  speedup is 36636.11
[Sat Feb 14 14:49:38 KST 2026] 로턴 블로그 동기화 완료
Transfer starting: 40 files

sent 2097 bytes  received 20 bytes  347049 bytes/sec
total size is 77558678  speedup is 36636.11
[Sat Feb 14 14:54:38 KST 2026] 로턴 블로그 동기화 완료
Transfer starting: 40 files

sent 2097 bytes  received 20 bytes  415098 bytes/sec
total size is 77558678  speedup is 36636.11
[Sat Feb 14 14:59:38 KST 2026] 로턴 블로그 동기화 완료
Transfer starting: 40 files

sent 2097 bytes  received 20 bytes  415098 bytes/sec
total size is 77558678  speedup is 36636.11
[Sat Feb 14 15:04:38 KST 2026] 로턴 블로그 동기화 완료
Transfer starting: 40 files

sent 2097 bytes  received 20 bytes  415098 bytes/sec
total size is 77558678  speedup is 36636.11
[Sat Feb 14 15:09:38 KST 2026] 로턴 블로그 동기화 완료
Transfer starting: 40 files

sent 2097 bytes  received 20 bytes  347049 bytes/sec
total size is 77558678  speedup is 36636.11
[Sat Feb 14 15:14:38 KST 2026] 로턴 블로그 동기화 완료
Transfer starting: 40 files

sent 2097 bytes  received 20 bytes  347049 bytes/sec
total size is 77558678  speedup is 36636.11
[Sat Feb 14 15:19:38 KST 2026] 로턴 블로그 동기화 완료
Transfer starting: 40 files

sent 2097 bytes  received 20 bytes  347049 bytes/sec
total size is 77558678  speedup is 36636.11
[Sat Feb 14 15:24:38 KST 2026] 로턴 블로그 동기화 완료
Transfer starting: 40 files

sent 2097 bytes  received 20 bytes  415098 bytes/sec
total size is 77558678  speedup is 36636.11
[Sat Feb 14 15:29:38 KST 2026] 로턴 블로그 동기화 완료
Transfer starting: 40 files

sent 2097 bytes  received 20 bytes  415098 bytes/sec
total size is 77558678  speedup is 36636.11
[Sat Feb 14 15:34:38 KST 2026] 로턴 블로그 동기화 완료
Transfer starting: 40 files

sent 2097 bytes  received 20 bytes  415098 bytes/sec
total size is 77558678  speedup is 36636.11
[Sat Feb 14 15:39:38 KST 2026] 로턴 블로그 동기화 완료
Transfer starting: 40 files

sent 2097 bytes  received 20 bytes  415098 bytes/sec
total size is 77558678  speedup is 36636.11
[Sat Feb 14 15:44:38 KST 2026] 로턴 블로그 동기화 완료
Transfer starting: 40 files

sent 2097 bytes  received 20 bytes  347049 bytes/sec
total size is 77558678  speedup is 36636.11
[Sat Feb 14 15:49:38 KST 2026] 로턴 블로그 동기화 완료
Transfer starting: 40 files

sent 2097 bytes  received 20 bytes  347049 bytes/sec
total size is 77558678  speedup is 36636.11
[Sat Feb 14 15:54:38 KST 2026] 로턴 블로그 동기화 완료
Transfer starting: 40 files

sent 2097 bytes  received 20 bytes  415098 bytes/sec
total size is 77558678  speedup is 36636.11
[Sat Feb 14 15:59:38 KST 2026] 로턴 블로그 동기화 완료
Transfer starting: 40 files

sent 2097 bytes  received 20 bytes  347049 bytes/sec
total size is 77558678  speedup is 36636.11
[Sat Feb 14 16:04:38 KST 2026] 로턴 블로그 동기화 완료
Transfer starting: 40 files

sent 2097 bytes  received 20 bytes  347049 bytes/sec
total size is 77558678  speedup is 36636.11
[Sat Feb 14 16:09:38 KST 2026] 로턴 블로그 동기화 완료
Transfer starting: 40 files

sent 2097 bytes  received 20 bytes  415098 bytes/sec
total size is 77558678  speedup is 36636.11
[Sat Feb 14 16:14:39 KST 2026] 로턴 블로그 동기화 완료
Transfer starting: 40 files

sent 2097 bytes  received 20 bytes  415098 bytes/sec
total size is 77558678  speedup is 36636.11
[Sat Feb 14 16:19:39 KST 2026] 로턴 블로그 동기화 완료
Transfer starting: 40 files

sent 2097 bytes  received 20 bytes  415098 bytes/sec
total size is 77558678  speedup is 36636.11
[Sat Feb 14 16:24:39 KST 2026] 로턴 블로그 동기화 완료
Transfer starting: 40 files

sent 2097 bytes  received 20 bytes  347049 bytes/sec
total size is 77558678  speedup is 36636.11
[Sat Feb 14 16:29:39 KST 2026] 로턴 블로그 동기화 완료
Transfer starting: 40 files

sent 2097 bytes  received 20 bytes  347049 bytes/sec
total size is 77558678  speedup is 36636.11
[Sat Feb 14 16:34:39 KST 2026] 로턴 블로그 동기화 완료
Transfer starting: 40 files

sent 2097 bytes  received 20 bytes  415098 bytes/sec
total size is 77558678  speedup is 36636.11
[Sat Feb 14 16:39:39 KST 2026] 로턴 블로그 동기화 완료
Transfer starting: 40 files

sent 2097 bytes  received 20 bytes  347049 bytes/sec
total size is 77558678  speedup is 36636.11
[Sat Feb 14 16:44:39 KST 2026] 로턴 블로그 동기화 완료
Transfer starting: 40 files

sent 2097 bytes  received 20 bytes  415098 bytes/sec
total size is 77558678  speedup is 36636.11
[Sat Feb 14 16:49:39 KST 2026] 로턴 블로그 동기화 완료
Transfer starting: 40 files

sent 2097 bytes  received 20 bytes  415098 bytes/sec
total size is 77558678  speedup is 36636.11
[Sat Feb 14 16:54:39 KST 2026] 로턴 블로그 동기화 완료
Transfer starting: 40 files

sent 2097 bytes  received 20 bytes  516341 bytes/sec
total size is 77558678  speedup is 36636.11
[Sat Feb 14 16:59:39 KST 2026] 로턴 블로그 동기화 완료
Transfer starting: 40 files

sent 2097 bytes  received 20 bytes  347049 bytes/sec
total size is 77558678  speedup is 36636.11
[Sat Feb 14 17:04:39 KST 2026] 로턴 블로그 동기화 완료
Transfer starting: 40 files

sent 2097 bytes  received 20 bytes  415098 bytes/sec
total size is 77558678  speedup is 36636.11
[Sat Feb 14 17:09:39 KST 2026] 로턴 블로그 동기화 완료
Transfer starting: 40 files

sent 2097 bytes  received 20 bytes  415098 bytes/sec
total size is 77558678  speedup is 36636.11
[Sat Feb 14 17:14:39 KST 2026] 로턴 블로그 동기화 완료
Transfer starting: 40 files

sent 2097 bytes  received 20 bytes  415098 bytes/sec
total size is 77558678  speedup is 36636.11
[Sat Feb 14 17:19:39 KST 2026] 로턴 블로그 동기화 완료
Transfer starting: 40 files

sent 2097 bytes  received 20 bytes  347049 bytes/sec
total size is 77558678  speedup is 36636.11
[Sat Feb 14 17:24:39 KST 2026] 로턴 블로그 동기화 완료
Transfer starting: 40 files

sent 2097 bytes  received 20 bytes  347049 bytes/sec
total size is 77558678  speedup is 36636.11
[Sat Feb 14 17:29:39 KST 2026] 로턴 블로그 동기화 완료
Transfer starting: 40 files

sent 2097 bytes  received 20 bytes  347049 bytes/sec
total size is 77558678  speedup is 36636.11
[Sat Feb 14 17:34:39 KST 2026] 로턴 블로그 동기화 완료
Transfer starting: 40 files

sent 2097 bytes  received 20 bytes  347049 bytes/sec
total size is 77558678  speedup is 36636.11
[Sat Feb 14 17:39:39 KST 2026] 로턴 블로그 동기화 완료
Transfer starting: 40 files

sent 2097 bytes  received 20 bytes  347049 bytes/sec
total size is 77558678  speedup is 36636.11
[Sat Feb 14 17:44:39 KST 2026] 로턴 블로그 동기화 완료
Transfer starting: 40 files

sent 2097 bytes  received 20 bytes  415098 bytes/sec
total size is 77558678  speedup is 36636.11
[Sat Feb 14 17:49:39 KST 2026] 로턴 블로그 동기화 완료
Transfer starting: 40 files

sent 2097 bytes  received 20 bytes  347049 bytes/sec
total size is 77558678  speedup is 36636.11
[Sat Feb 14 17:54:39 KST 2026] 로턴 블로그 동기화 완료
Transfer starting: 40 files

sent 2097 bytes  received 20 bytes  347049 bytes/sec
total size is 77558678  speedup is 36636.11
[Sat Feb 14 17:59:39 KST 2026] 로턴 블로그 동기화 완료
Transfer starting: 40 files

sent 2097 bytes  received 20 bytes  347049 bytes/sec
total size is 77558678  speedup is 36636.11
[Sat Feb 14 18:04:39 KST 2026] 로턴 블로그 동기화 완료
Transfer starting: 40 files

sent 2097 bytes  received 20 bytes  415098 bytes/sec
total size is 77558678  speedup is 36636.11
[Sat Feb 14 18:09:39 KST 2026] 로턴 블로그 동기화 완료
Transfer starting: 40 files

sent 2097 bytes  received 20 bytes  415098 bytes/sec
total size is 77558678  speedup is 36636.11
[Sat Feb 14 18:14:39 KST 2026] 로턴 블로그 동기화 완료
Transfer starting: 40 files

sent 2097 bytes  received 20 bytes  347049 bytes/sec
total size is 77558678  speedup is 36636.11
[Sat Feb 14 18:19:39 KST 2026] 로턴 블로그 동기화 완료
Transfer starting: 40 files

sent 2097 bytes  received 20 bytes  415098 bytes/sec
total size is 77558678  speedup is 36636.11
[Sat Feb 14 18:24:39 KST 2026] 로턴 블로그 동기화 완료
Transfer starting: 40 files

sent 2097 bytes  received 20 bytes  347049 bytes/sec
total size is 77558678  speedup is 36636.11
[Sat Feb 14 18:29:39 KST 2026] 로턴 블로그 동기화 완료
Transfer starting: 40 files

sent 2097 bytes  received 20 bytes  347049 bytes/sec
total size is 77558678  speedup is 36636.11
[Sat Feb 14 18:34:39 KST 2026] 로턴 블로그 동기화 완료
Transfer starting: 40 files

sent 2097 bytes  received 20 bytes  347049 bytes/sec
total size is 77558678  speedup is 36636.11
[Sat Feb 14 18:39:39 KST 2026] 로턴 블로그 동기화 완료
Transfer starting: 40 files

sent 2097 bytes  received 20 bytes  415098 bytes/sec
total size is 77558678  speedup is 36636.11
[Sat Feb 14 18:44:40 KST 2026] 로턴 블로그 동기화 완료
Transfer starting: 40 files

sent 2097 bytes  received 20 bytes  347049 bytes/sec
total size is 77558678  speedup is 36636.11
[Sat Feb 14 18:49:40 KST 2026] 로턴 블로그 동기화 완료
Transfer starting: 40 files

sent 2097 bytes  received 20 bytes  415098 bytes/sec
total size is 77558678  speedup is 36636.11
[Sat Feb 14 18:54:40 KST 2026] 로턴 블로그 동기화 완료
Transfer starting: 40 files

sent 2097 bytes  received 20 bytes  232637 bytes/sec
total size is 77558678  speedup is 36636.11
[Sat Feb 14 18:59:40 KST 2026] 로턴 블로그 동기화 완료
Transfer starting: 40 files

sent 2097 bytes  received 20 bytes  347049 bytes/sec
total size is 77558678  speedup is 36636.11
[Sat Feb 14 19:04:40 KST 2026] 로턴 블로그 동기화 완료
Transfer starting: 40 files

sent 2097 bytes  received 20 bytes  347049 bytes/sec
total size is 77558678  speedup is 36636.11
[Sat Feb 14 19:09:40 KST 2026] 로턴 블로그 동기화 완료
