📧 PST 이메일 전체 수집 시작...
페이지 1: 100개 수집 (총 100개)
페이지 2: 100개 수집 (총 200개)
페이지 3: 100개 수집 (총 300개)
페이지 4: 100개 수집 (총 400개)
페이지 5: 100개 수집 (총 500개)
페이지 6: 100개 수집 (총 600개)
페이지 7: 100개 수집 (총 700개)
페이지 8: 100개 수집 (총 800개)
페이지 9: 100개 수집 (총 900개)
페이지 10: 100개 수집 (총 1000개)
페이지 11: 100개 수집 (총 1100개)
페이지 12: 100개 수집 (총 1200개)
페이지 13: 100개 수집 (총 1300개)
페이지 14: 100개 수집 (총 1400개)
페이지 15: 100개 수집 (총 1500개)
페이지 16: 100개 수집 (총 1600개)
페이지 17: 100개 수집 (총 1700개)
페이지 18: 100개 수집 (총 1800개)
페이지 19: 3개 수집 (총 1803개)
마지막 페이지 도달

✅ 완료: 총 1803개 이메일
💾 저장: logs/all_pst_emails.json
📊 요약: logs/pst_summary.json
