[2026-02-14 18:00:00] 핫토픽 모니터링 시작
[2026-02-14 18:00:09] 신규 핫토픽 13개 발견

======================================================================
🔥 실시간 핫토픽
⏰ 18:00 기준

📌 뽐뿌 TOP 5
1. ⚪ [https://www.ppomppu.co.kr/zboard/view.php?id=freeboard&page=1&divpage=1836&no=9834037] 임성근 복귀했네요
   👁 1,057 
2. ⚪ [https://www.ppomppu.co.kr/zboard/view.php?id=freeboard&page=1&divpage=1836&no=9834034] 신입이 출근을 58분에 하는 이유
   👁 1,035 
3. ⚪ [https://www.ppomppu.co.kr/zboard/view.php?id=freeboard&page=1&divpage=1836&no=9834033] 영양제 조심하세요
   👁 926 
4. ⚪ [https://www.ppomppu.co.kr/zboard/view.php?id=freeboard&page=1&divpage=1836&no=9834045] 충격)런베뮤 노동부 조사 결과 ㄷㄷ..jpg
   👁 756 
5. ⚪ [https://www.ppomppu.co.kr/zboard/view.php?id=freeboard&page=1&divpage=1836&no=9834047] 여권 발급 수수료 인상 안내
   👁 735 

📌 더쿠 TOP 3
1. ⚪ [https://theqoo.net/hot/4094984192] 최종합격 통보해놓고 4개월만에 채용취소 했다는 한화오션...
   👁 25,018 
2. ⚪ [https://theqoo.net/hot/4095032953] 스노보드 최가온 선수가 사는 강남 서초구에 걸린 현수막...
   👁 20,683 
3. ⚪ [https://theqoo.net/hot/4095007186] "애 울 때마다 정신병 걸리겠다"…생후 2개월 아들에 ...
   👁 19,097 

📊 전체: 13개 게시물, 총 72,325 조회
1시간마다 업데이트
======================================================================
[2026-02-14 19:00:00] 핫토픽 모니터링 시작
[2026-02-14 19:00:10] 수집된 핫토픽 36개

======================================================================
🔥 실시간 핫토픽
⏰ 19:00 기준

📌 클리앙 TOP 5
1. ⚪ [https://www.clien.net/service/board/park/19143875?od=T33&po=0&category=0&groupCd=] 조국 손가혁발언은 충격이네요
   👁 14,700 💬74
2. ⚪ [https://www.clien.net/service/board/park/19144060?od=T33&po=0&category=0&groupCd=] 다스뵈이다] 김어준, 조국은 역시 대인배네요.
   👁 11,000 💬62
3. ⚪ [https://www.clien.net/service/board/park/19143868?od=T33&po=0&category=0&groupCd=] 맞는말 대잔치 중인 헌법재판소.JPG
   👁 11,300 💬26
4. ⚪ [https://www.clien.net/service/board/park/19144090?od=T33&po=0&category=0&groupCd=] “윤석열 사형!”
   👁 10,900 💬7
5. ⚪ [https://www.clien.net/service/board/park/19143931?od=T33&po=0&category=0&groupCd=] 총리악마화작업한다는 그커뮤 가보니
   👁 9,877 💬42

📌 뽐뿌 TOP 5
1. ⚪ [https://www.ppomppu.co.kr/zboard/view.php?id=freeboard&page=1&divpage=1836&no=9834090] 충주맨 퇴사가 예상한게 어느정도 맞나보네요..
   👁 1,290 
2. ⚪ [https://www.ppomppu.co.kr/zboard/view.php?id=freeboard&page=1&divpage=1836&no=9834097] 와이프가 제주 한달살기 말고 6년 하자네요 아이 미래 ...
   👁 1,075 
3. ⚪ [https://www.ppomppu.co.kr/zboard/view.php?id=freeboard&page=1&divpage=1836&no=9834095] 이제서야 밝히는 두쫀쿠의 신기한 사실들
   👁 967 
4. ⚪ [https://www.ppomppu.co.kr/zboard/view.php?id=freeboard&page=1&divpage=1836&no=9834091] 테슬라 모델3 스탠다드 주문취소했습니다.ㅎㅎ
   👁 814 
5. ⚪ [https://www.ppomppu.co.kr/zboard/view.php?id=freeboard&page=1&divpage=1836&no=9834093] 최가온이 2남2녀 다자녀 집이네요
   👁 732 

📌 더쿠 TOP 5
1. ⚪ [https://theqoo.net/hot/4095017170] 이혼 후에도 집안 행사 참석하라는 시댁
   👁 54,449 
2. ⚪ [https://theqoo.net/hot/4095032953] 스노보드 최가온 선수가 사는 강남 서초구에 걸린 현수막...
   👁 43,046 
3. ⚪ [https://theqoo.net/hot/4094976471] 과도한 올림픽 중계권료와 보도권과 관련된 JTBC의 반...
   👁 38,747 
4. ⚪ [https://theqoo.net/hot/4094984192] 최종합격 통보해놓고 4개월만에 채용취소 했다는 한화오션...
   👁 37,701 
5. ⚪ [https://theqoo.net/hot/4095007186] "애 울 때마다 정신병 걸리겠다"…생후 2개월 아들에 ...
   👁 28,623 

📌 딴지 TOP 5
1. 🔥 [https://www.ddanzi.com/free/872562476] 경향티비 썸네일 ㅈㄴ 부끄럽네 ㅋㅋㅋㅋㅋㅋㅋ 미친것들....
   👁 N/A 
2. ⚪ [https://www.ddanzi.com/free/872555242] ‘뉴이재명’이란 말은 당이 나서서 초장부터 못 쓰게해야...
   👁 N/A 
3. 🔥 [https://www.ddanzi.com/free/872554002] 이언주의 '일시적 좌파'영상 원본 확인했습니다
   👁 N/A 
4. ⚪ [https://www.ddanzi.com/free/872550852] 경향에서 오윤혜가 자기는 뉴이재명이라며
   👁 N/A 
5. ⚪ [https://www.ddanzi.com/free/872550315] 이언주가 원내대표 출마한다는 받글이 돌고 있습니다.. ...
   👁 N/A 

📊 전체: 36개 게시물, 총 380,100 조회
1시간마다 업데이트
======================================================================
