[2026-02-14 17:32:56] 보안 스캔 시작
[2026-02-14 17:32:56] 포트 스캔 중...
[2026-02-14 17:32:56] 프로세스 스캔 중...
[2026-02-14 17:32:56] 파일 권한 체크 중...
[2026-02-14 17:32:56] 토큰 노출 체크 중...
[2026-02-14 17:32:56] 로그인 기록 체크 중...
[2026-02-14 17:32:57] ALERT [high]: <b>비정상 로그인 감지</b>%0A%0ATailscale 외부 IP에서 로그인 기록 있음%0A%0A즉시 확인 필요
[2026-02-14 17:32:57] ⚠️  보안 스캔 완료 - 1개 문제 발견
[2026-02-14 17:32:57] 보안 스캔 종료
[2026-02-14 17:33:25] 보안 스캔 시작
[2026-02-14 17:33:25] 포트 스캔 중...
[2026-02-14 17:33:25] 프로세스 스캔 중...
[2026-02-14 17:33:26] 파일 권한 체크 중...
[2026-02-14 17:33:26] 토큰 노출 체크 중...
[2026-02-14 17:33:26] 로그인 기록 체크 중...
[2026-02-14 17:33:27] ALERT [high]: <b>비정상 로그인 감지</b>%0A%0A오늘 Tailscale 외부 IP에서 로그인:%0A%0A• roturnjarvis from Sat at Feb 14 13:01%%0A%0A<b>즉시 확인 필요</b>
[2026-02-14 17:33:27] ⚠️  보안 스캔 완료 - 1개 문제 발견
[2026-02-14 17:33:27] 보안 스캔 종료
[2026-02-14 17:35:14] 보안 스캔 시작
[2026-02-14 17:35:14] 포트 스캔 중...
[2026-02-14 17:35:14] 프로세스 스캔 중...
[2026-02-14 17:35:14] 파일 권한 체크 중...
[2026-02-14 17:35:14] 토큰 노출 체크 중...
[2026-02-14 17:35:14] 로그인 기록 체크 중...
[2026-02-14 17:35:14] ✅ 보안 스캔 완료 - 이상 없음
[2026-02-14 17:35:14] 보안 스캔 종료
[2026-02-14 18:00:00] 보안 스캔 시작
[2026-02-14 18:00:00] 보안 스캔 시작
[2026-02-14 18:00:00] 포트 스캔 중...
[2026-02-14 18:00:00] 포트 스캔 중...
[2026-02-14 18:00:00] 프로세스 스캔 중...
[2026-02-14 18:00:00] 프로세스 스캔 중...
[2026-02-14 18:00:00] 파일 권한 체크 중...
[2026-02-14 18:00:00] 파일 권한 체크 중...
[2026-02-14 18:00:00] 토큰 노출 체크 중...
[2026-02-14 18:00:00] 토큰 노출 체크 중...
[2026-02-14 18:00:00] 로그인 기록 체크 중...
[2026-02-14 18:00:00] 로그인 기록 체크 중...
[2026-02-14 18:00:00] ✅ 보안 스캔 완료 - 이상 없음
[2026-02-14 18:00:00] ✅ 보안 스캔 완료 - 이상 없음
[2026-02-14 18:00:00] 보안 스캔 종료
[2026-02-14 18:00:00] 보안 스캔 종료
[2026-02-14 19:00:00] 보안 스캔 시작
[2026-02-14 19:00:00] 보안 스캔 시작
[2026-02-14 19:00:00] 포트 스캔 중...
[2026-02-14 19:00:00] 포트 스캔 중...
[2026-02-14 19:00:00] 프로세스 스캔 중...
[2026-02-14 19:00:00] 프로세스 스캔 중...
[2026-02-14 19:00:00] 파일 권한 체크 중...
[2026-02-14 19:00:00] 파일 권한 체크 중...
[2026-02-14 19:00:00] 토큰 노출 체크 중...
[2026-02-14 19:00:00] 토큰 노출 체크 중...
[2026-02-14 19:00:00] 로그인 기록 체크 중...
[2026-02-14 19:00:00] 로그인 기록 체크 중...
[2026-02-14 19:00:00] ✅ 보안 스캔 완료 - 이상 없음
[2026-02-14 19:00:00] ✅ 보안 스캔 완료 - 이상 없음
[2026-02-14 19:00:00] 보안 스캔 종료
[2026-02-14 19:00:00] 보안 스캔 종료
